2024-05-03 10:30:30 [INFO] chenao: [FILE:../src/wordoffline/DictProducer.cc] [Line:165]
2024-05-03 10:30:30 [INFO] chenao: [FILE:../src/wordoffline/DictProducer.cc] [Line:165]
2024-05-03 10:36:36 [INFO] chenao: [FILE:../src/wordoffline/DictProducer.cc] [Line:165]
2024-05-03 10:36:36 [INFO] chenao: [FILE:../src/wordoffline/DictProducer.cc] [Line:165]
2024-05-03 10:40:02 [INFO] chenao: [FILE:../src/wordoffline/DictProducer.cc] [Line:165]
2024-05-03 10:40:02 [INFO] chenao: [FILE:../src/wordoffline/DictProducer.cc] [Line:165]
2024-05-03 10:40:03 [INFO] chenao: [FILE:../src/wordoffline/DictProducer.cc] [Line:165]
2024-05-03 10:40:03 [INFO] chenao: [FILE:../src/wordoffline/DictProducer.cc] [Line:165]
2024-05-03 10:40:05 [INFO] chenao: [FILE:../src/wordoffline/DictProducer.cc] [Line:165]
2024-05-03 10:40:05 [INFO] chenao: [FILE:../src/wordoffline/DictProducer.cc] [Line:165]
2024-05-03 10:40:06 [INFO] chenao: [FILE:../src/wordoffline/DictProducer.cc] [Line:165]
2024-05-03 10:40:06 [INFO] chenao: [FILE:../src/wordoffline/DictProducer.cc] [Line:165]
2024-05-03 10:40:08 [INFO] chenao: [FILE:../src/wordoffline/DictProducer.cc] [Line:165]
2024-05-03 10:40:08 [INFO] chenao: [FILE:../src/wordoffline/DictProducer.cc] [Line:165]
2024-05-03 10:40:09 [INFO] chenao: [FILE:../src/wordoffline/DictProducer.cc] [Line:165]
2024-05-03 10:40:09 [INFO] chenao: [FILE:../src/wordoffline/DictProducer.cc] [Line:165]
2024-05-03 10:40:11 [INFO] chenao: [FILE:../src/wordoffline/DictProducer.cc] [Line:165]
2024-05-03 10:40:11 [INFO] chenao: [FILE:../src/wordoffline/DictProducer.cc] [Line:165]
2024-05-03 10:40:12 [INFO] chenao: [FILE:../src/wordoffline/DictProducer.cc] [Line:165]
2024-05-03 10:40:12 [INFO] chenao: [FILE:../src/wordoffline/DictProducer.cc] [Line:165]
2024-05-03 10:40:14 [INFO] chenao: [FILE:../src/wordoffline/DictProducer.cc] [Line:165]
2024-05-03 10:40:14 [INFO] chenao: [FILE:../src/wordoffline/DictProducer.cc] [Line:165]
2024-05-03 10:40:15 [INFO] chenao: [FILE:../src/wordoffline/DictProducer.cc] [Line:165]
2024-05-03 10:40:15 [INFO] chenao: [FILE:../src/wordoffline/DictProducer.cc] [Line:165]
2024-05-03 10:40:17 [INFO] chenao: [FILE:../src/wordoffline/DictProducer.cc] [Line:165]
2024-05-03 10:40:17 [INFO] chenao: [FILE:../src/wordoffline/DictProducer.cc] [Line:165]
2024-05-03 10:40:18 [INFO] chenao: [FILE:../src/wordoffline/DictProducer.cc] [Line:165]
2024-05-03 10:40:18 [INFO] chenao: [FILE:../src/wordoffline/DictProducer.cc] [Line:165]
2024-05-03 10:40:20 [INFO] chenao: [FILE:../src/wordoffline/DictProducer.cc] [Line:165]
2024-05-03 10:40:20 [INFO] chenao: [FILE:../src/wordoffline/DictProducer.cc] [Line:165]
2024-05-03 10:40:21 [INFO] chenao: [FILE:../src/wordoffline/DictProducer.cc] [Line:165]
2024-05-03 10:40:21 [INFO] chenao: [FILE:../src/wordoffline/DictProducer.cc] [Line:165]
2024-05-03 10:40:23 [INFO] chenao: [FILE:../src/wordoffline/DictProducer.cc] [Line:165]
2024-05-03 10:40:23 [INFO] chenao: [FILE:../src/wordoffline/DictProducer.cc] [Line:165]
2024-05-03 10:40:24 [INFO] chenao: [FILE:../src/wordoffline/DictProducer.cc] [Line:165]
2024-05-03 10:40:24 [INFO] chenao: [FILE:../src/wordoffline/DictProducer.cc] [Line:165]
2024-05-03 10:40:26 [INFO] chenao: [FILE:../src/wordoffline/DictProducer.cc] [Line:165]
2024-05-03 10:40:26 [INFO] chenao: [FILE:../src/wordoffline/DictProducer.cc] [Line:165]
2024-05-03 10:40:27 [INFO] chenao: [FILE:../src/wordoffline/DictProducer.cc] [Line:165]
2024-05-03 10:40:27 [INFO] chenao: [FILE:../src/wordoffline/DictProducer.cc] [Line:165]
2024-05-03 10:40:30 [INFO] chenao: [FILE:../src/wordoffline/DictProducer.cc] [Line:165]
2024-05-03 10:40:30 [INFO] chenao: [FILE:../src/wordoffline/DictProducer.cc] [Line:165]
2024-05-03 10:41:20 [INFO] chenao: [FILE:../src/wordoffline/DictProducer.cc] [Line:165]
2024-05-03 10:41:20 [INFO] chenao: [FILE:../src/wordoffline/DictProducer.cc] [Line:165]
2024-05-03 10:41:22 [INFO] chenao: [FILE:../src/wordoffline/DictProducer.cc] [Line:165]
2024-05-03 10:41:22 [INFO] chenao: [FILE:../src/wordoffline/DictProducer.cc] [Line:165]
2024-05-03 10:41:23 [INFO] chenao: [FILE:../src/wordoffline/DictProducer.cc] [Line:165]
2024-05-03 10:41:23 [INFO] chenao: [FILE:../src/wordoffline/DictProducer.cc] [Line:165]
2024-05-03 10:41:25 [INFO] chenao: [FILE:../src/wordoffline/DictProducer.cc] [Line:165]
2024-05-03 10:41:25 [INFO] chenao: [FILE:../src/wordoffline/DictProducer.cc] [Line:165]
2024-05-03 10:41:26 [INFO] chenao: [FILE:../src/wordoffline/DictProducer.cc] [Line:165]
2024-05-03 10:41:26 [INFO] chenao: [FILE:../src/wordoffline/DictProducer.cc] [Line:165]
2024-05-03 10:41:28 [INFO] chenao: [FILE:../src/wordoffline/DictProducer.cc] [Line:165]
2024-05-03 10:41:28 [INFO] chenao: [FILE:../src/wordoffline/DictProducer.cc] [Line:165]
2024-05-03 10:41:29 [INFO] chenao: [FILE:../src/wordoffline/DictProducer.cc] [Line:165]
2024-05-03 10:41:29 [INFO] chenao: [FILE:../src/wordoffline/DictProducer.cc] [Line:165]
2024-05-03 10:41:31 [INFO] chenao: [FILE:../src/wordoffline/DictProducer.cc] [Line:165]
2024-05-03 10:41:31 [INFO] chenao: [FILE:../src/wordoffline/DictProducer.cc] [Line:165]
2024-05-03 10:41:32 [INFO] chenao: [FILE:../src/wordoffline/DictProducer.cc] [Line:165]
2024-05-03 10:41:32 [INFO] chenao: [FILE:../src/wordoffline/DictProducer.cc] [Line:165]
2024-05-03 10:41:34 [INFO] chenao: [FILE:../src/wordoffline/DictProducer.cc] [Line:165]
2024-05-03 10:41:34 [INFO] chenao: [FILE:../src/wordoffline/DictProducer.cc] [Line:165]
2024-05-03 10:43:53 [INFO] chenao: [FILE:../src/wordoffline/DictProducer.cc] [Line:165]
2024-05-03 10:43:53 [INFO] chenao: [FILE:../src/wordoffline/DictProducer.cc] [Line:165]
2024-05-03 11:06:46 [INFO] chenao: [FILE:../src/wordoffline/DictProducer.cc] [Line:165]
2024-05-03 11:06:46 [INFO] chenao: [FILE:../src/wordoffline/DictProducer.cc] [Line:165]
2024-05-03 11:06:47 [INFO] chenao: [FILE:../src/wordoffline/DictProducer.cc] [Line:165]
2024-05-03 11:06:47 [INFO] chenao: [FILE:../src/wordoffline/DictProducer.cc] [Line:165]
2024-05-03 11:08:08 [INFO] chenao: [FILE:../src/wordoffline/DictProducer.cc] [Line:165]
2024-05-03 11:08:08 [INFO] chenao: [FILE:../src/wordoffline/DictProducer.cc] [Line:165]
2024-05-03 11:08:10 [INFO] chenao: [FILE:../src/wordoffline/DictProducer.cc] [Line:165]
2024-05-03 11:08:10 [INFO] chenao: [FILE:../src/wordoffline/DictProducer.cc] [Line:165]
2024-05-03 11:08:11 [INFO] chenao: [FILE:../src/wordoffline/DictProducer.cc] [Line:165]
2024-05-03 11:08:11 [INFO] chenao: [FILE:../src/wordoffline/DictProducer.cc] [Line:165]
2024-05-03 11:08:13 [INFO] chenao: [FILE:../src/wordoffline/DictProducer.cc] [Line:165]
2024-05-03 11:08:13 [INFO] chenao: [FILE:../src/wordoffline/DictProducer.cc] [Line:165]
2024-05-03 11:08:14 [INFO] chenao: [FILE:../src/wordoffline/DictProducer.cc] [Line:165]
2024-05-03 11:08:14 [INFO] chenao: [FILE:../src/wordoffline/DictProducer.cc] [Line:165]
2024-05-03 11:08:16 [INFO] chenao: [FILE:../src/wordoffline/DictProducer.cc] [Line:165]
2024-05-03 11:08:16 [INFO] chenao: [FILE:../src/wordoffline/DictProducer.cc] [Line:165]
2024-05-03 11:08:17 [INFO] chenao: [FILE:../src/wordoffline/DictProducer.cc] [Line:165]
2024-05-03 11:08:17 [INFO] chenao: [FILE:../src/wordoffline/DictProducer.cc] [Line:165]
2024-05-03 11:08:19 [INFO] chenao: [FILE:../src/wordoffline/DictProducer.cc] [Line:165]
2024-05-03 11:08:19 [INFO] chenao: [FILE:../src/wordoffline/DictProducer.cc] [Line:165]
2024-05-03 11:08:20 [INFO] chenao: [FILE:../src/wordoffline/DictProducer.cc] [Line:165]
2024-05-03 11:08:20 [INFO] chenao: [FILE:../src/wordoffline/DictProducer.cc] [Line:165]
2024-05-03 11:08:22 [INFO] chenao: [FILE:../src/wordoffline/DictProducer.cc] [Line:165]
2024-05-03 11:08:22 [INFO] chenao: [FILE:../src/wordoffline/DictProducer.cc] [Line:165]
2024-05-03 11:08:23 [INFO] chenao: [FILE:../src/wordoffline/DictProducer.cc] [Line:165]
2024-05-03 11:08:23 [INFO] chenao: [FILE:../src/wordoffline/DictProducer.cc] [Line:165]
2024-05-03 11:10:51 [INFO] chenao: [FILE:../src/wordoffline/DictProducer.cc] [Line:165]
2024-05-03 11:10:51 [INFO] chenao: [FILE:../src/wordoffline/DictProducer.cc] [Line:165]
2024-05-03 11:10:53 [INFO] chenao: [FILE:../src/wordoffline/DictProducer.cc] [Line:165]
2024-05-03 11:10:53 [INFO] chenao: [FILE:../src/wordoffline/DictProducer.cc] [Line:165]
2024-05-03 11:14:41 [INFO] chenao: [FILE:../src/wordoffline/DictProducer.cc] [Line:165]
2024-05-03 11:14:41 [INFO] chenao: [FILE:../src/wordoffline/DictProducer.cc] [Line:165]
2024-05-03 11:14:43 [INFO] chenao: [FILE:../src/wordoffline/DictProducer.cc] [Line:165]
2024-05-03 11:14:43 [INFO] chenao: [FILE:../src/wordoffline/DictProducer.cc] [Line:165]
2024-05-03 11:15:25 [INFO] chenao: [FILE:../src/wordoffline/DictProducer.cc] [Line:165]
2024-05-03 11:15:25 [INFO] chenao: [FILE:../src/wordoffline/DictProducer.cc] [Line:165]
2024-05-03 11:15:26 [INFO] chenao: [FILE:../src/wordoffline/DictProducer.cc] [Line:165]
2024-05-03 11:15:26 [INFO] chenao: [FILE:../src/wordoffline/DictProducer.cc] [Line:165]
2024-05-03 11:17:35 [INFO] chenao: [FILE:../src/wordoffline/DictProducer.cc] [Line:165]
2024-05-03 11:17:35 [INFO] chenao: [FILE:../src/wordoffline/DictProducer.cc] [Line:165]
2024-05-03 11:17:37 [INFO] chenao: [FILE:../src/wordoffline/DictProducer.cc] [Line:165]
2024-05-03 11:17:37 [INFO] chenao: [FILE:../src/wordoffline/DictProducer.cc] [Line:165]
2024-05-03 11:19:02 [INFO] chenao: [FILE:../src/wordoffline/DictProducer.cc] [Line:165]
2024-05-03 11:19:02 [INFO] chenao: [FILE:../src/wordoffline/DictProducer.cc] [Line:165]
2024-05-03 11:27:08 [INFO] chenao: [FILE:../src/wordoffline/DictProducer.cc] [Line:164]
2024-05-03 11:27:08 [INFO] chenao: [FILE:../src/wordoffline/DictProducer.cc] [Line:164]
2024-05-03 11:27:09 [INFO] chenao: [FILE:../src/wordoffline/DictProducer.cc] [Line:164]
2024-05-03 11:27:09 [INFO] chenao: [FILE:../src/wordoffline/DictProducer.cc] [Line:164]
2024-05-03 11:27:11 [INFO] chenao: [FILE:../src/wordoffline/DictProducer.cc] [Line:164]
2024-05-03 11:27:11 [INFO] chenao: [FILE:../src/wordoffline/DictProducer.cc] [Line:164]
2024-05-03 11:27:12 [INFO] chenao: [FILE:../src/wordoffline/DictProducer.cc] [Line:164]
2024-05-03 11:27:12 [INFO] chenao: [FILE:../src/wordoffline/DictProducer.cc] [Line:164]
2024-05-03 11:27:14 [INFO] chenao: [FILE:../src/wordoffline/DictProducer.cc] [Line:164]
2024-05-03 11:27:14 [INFO] chenao: [FILE:../src/wordoffline/DictProducer.cc] [Line:164]
2024-05-03 11:27:15 [INFO] chenao: [FILE:../src/wordoffline/DictProducer.cc] [Line:164]
2024-05-03 11:27:15 [INFO] chenao: [FILE:../src/wordoffline/DictProducer.cc] [Line:164]
2024-05-03 11:27:17 [INFO] chenao: [FILE:../src/wordoffline/DictProducer.cc] [Line:164]
2024-05-03 11:27:17 [INFO] chenao: [FILE:../src/wordoffline/DictProducer.cc] [Line:164]
2024-05-03 11:27:18 [INFO] chenao: [FILE:../src/wordoffline/DictProducer.cc] [Line:164]
2024-05-03 11:27:18 [INFO] chenao: [FILE:../src/wordoffline/DictProducer.cc] [Line:164]
2024-05-03 11:27:20 [INFO] chenao: [FILE:../src/wordoffline/DictProducer.cc] [Line:164]
2024-05-03 11:27:20 [INFO] chenao: [FILE:../src/wordoffline/DictProducer.cc] [Line:164]
2024-05-03 11:27:21 [INFO] chenao: [FILE:../src/wordoffline/DictProducer.cc] [Line:164]
2024-05-03 11:27:21 [INFO] chenao: [FILE:../src/wordoffline/DictProducer.cc] [Line:164]
2024-05-03 11:27:23 [INFO] chenao: [FILE:../src/wordoffline/DictProducer.cc] [Line:164]
2024-05-03 11:27:23 [INFO] chenao: [FILE:../src/wordoffline/DictProducer.cc] [Line:164]
2024-05-03 11:27:24 [INFO] chenao: [FILE:../src/wordoffline/DictProducer.cc] [Line:164]
2024-05-03 11:27:24 [INFO] chenao: [FILE:../src/wordoffline/DictProducer.cc] [Line:164]
2024-05-03 11:27:26 [INFO] chenao: [FILE:../src/wordoffline/DictProducer.cc] [Line:164]
2024-05-03 11:27:26 [INFO] chenao: [FILE:../src/wordoffline/DictProducer.cc] [Line:164]
2024-05-03 11:27:27 [INFO] chenao: [FILE:../src/wordoffline/DictProducer.cc] [Line:164]
2024-05-03 11:27:27 [INFO] chenao: [FILE:../src/wordoffline/DictProducer.cc] [Line:164]
2024-05-03 11:27:29 [INFO] chenao: [FILE:../src/wordoffline/DictProducer.cc] [Line:164]
2024-05-03 11:27:29 [INFO] chenao: [FILE:../src/wordoffline/DictProducer.cc] [Line:164]
2024-05-03 11:27:30 [INFO] chenao: [FILE:../src/wordoffline/DictProducer.cc] [Line:164]
2024-05-03 11:27:30 [INFO] chenao: [FILE:../src/wordoffline/DictProducer.cc] [Line:164]
2024-05-03 11:27:32 [INFO] chenao: [FILE:../src/wordoffline/DictProducer.cc] [Line:164]
2024-05-03 11:27:32 [INFO] chenao: [FILE:../src/wordoffline/DictProducer.cc] [Line:164]
2024-05-03 11:27:35 [INFO] chenao: [FILE:../src/wordoffline/DictProducer.cc] [Line:164]
2024-05-03 11:27:35 [INFO] chenao: [FILE:../src/wordoffline/DictProducer.cc] [Line:164]
2024-05-03 11:27:37 [INFO] chenao: [FILE:../src/wordoffline/DictProducer.cc] [Line:164]
2024-05-03 11:27:37 [INFO] chenao: [FILE:../src/wordoffline/DictProducer.cc] [Line:164]
2024-05-03 11:27:38 [INFO] chenao: [FILE:../src/wordoffline/DictProducer.cc] [Line:164]
2024-05-03 11:27:38 [INFO] chenao: [FILE:../src/wordoffline/DictProducer.cc] [Line:164]
2024-05-03 11:27:40 [INFO] chenao: [FILE:../src/wordoffline/DictProducer.cc] [Line:164]
2024-05-03 11:27:40 [INFO] chenao: [FILE:../src/wordoffline/DictProducer.cc] [Line:164]
2024-05-03 11:28:45 [INFO] chenao: [FILE:../src/wordoffline/DictProducer.cc] [Line:164]
2024-05-03 11:28:45 [INFO] chenao: [FILE:../src/wordoffline/DictProducer.cc] [Line:164]
2024-05-03 11:32:48 [INFO] chenao: [FILE:../src/wordoffline/DictProducer.cc] [Line:164]
2024-05-03 11:32:48 [INFO] chenao: [FILE:../src/wordoffline/DictProducer.cc] [Line:164]
2024-05-03 11:44:10 [INFO] chenao: [FILE:../src/wordonline/Dictionary.cc] [Line:31]
2024-05-03 11:44:10 [INFO] chenao: [FILE:../src/wordonline/Dictionary.cc] [Line:91] init finish
2024-05-03 11:44:10 [INFO] chenao: [FILE:../src/wordonline/Dictionary.cc] [Line:217] getenDict
2024-05-03 11:44:10 [INFO] chenao: [FILE:../src/wordonline/Dictionary.cc] [Line:223] getcnDict
2024-05-03 11:44:10 [INFO] chenao: [FILE:../src/wordonline/Dictionary.cc] [Line:229] getEnIndexTable
2024-05-03 11:44:10 [INFO] chenao: [FILE:../src/wordonline/Dictionary.cc] [Line:235] getCnIndexTable
2024-05-03 11:44:38 [INFO] chenao: [FILE:../src/wordoffline/DictProducer.cc] [Line:164]
2024-05-03 11:44:38 [INFO] chenao: [FILE:../src/wordoffline/DictProducer.cc] [Line:164]
2024-05-03 11:44:44 [INFO] chenao: [FILE:../src/wordonline/Dictionary.cc] [Line:31]
2024-05-03 11:44:44 [INFO] chenao: [FILE:../src/wordonline/Dictionary.cc] [Line:91] init finish
2024-05-03 11:44:44 [INFO] chenao: [FILE:../src/wordonline/Dictionary.cc] [Line:217] getenDict
2024-05-03 11:44:44 [INFO] chenao: [FILE:../src/wordonline/Dictionary.cc] [Line:223] getcnDict
2024-05-03 11:44:44 [INFO] chenao: [FILE:../src/wordonline/Dictionary.cc] [Line:229] getEnIndexTable
2024-05-03 11:44:44 [INFO] chenao: [FILE:../src/wordonline/Dictionary.cc] [Line:235] getCnIndexTable
2024-05-03 11:45:41 [INFO] chenao: [FILE:../src/wordonline/Dictionary.cc] [Line:31]
2024-05-03 11:45:41 [INFO] chenao: [FILE:../src/wordonline/Dictionary.cc] [Line:91] init finish
2024-05-03 11:45:41 [INFO] chenao: [FILE:../src/wordonline/Dictionary.cc] [Line:217] getenDict
2024-05-03 11:45:41 [INFO] chenao: [FILE:../src/wordonline/Dictionary.cc] [Line:223] getcnDict
2024-05-03 11:45:41 [INFO] chenao: [FILE:../src/wordonline/Dictionary.cc] [Line:229] getEnIndexTable
2024-05-03 11:45:41 [INFO] chenao: [FILE:../src/wordonline/Dictionary.cc] [Line:235] getCnIndexTable
2024-05-03 11:47:29 [INFO] chenao: [FILE:../src/wordonline/Dictionary.cc] [Line:31]
2024-05-03 11:47:29 [INFO] chenao: [FILE:../src/wordonline/Dictionary.cc] [Line:91] init finish
2024-05-03 11:47:29 [INFO] chenao: [FILE:../src/wordonline/Dictionary.cc] [Line:217] getenDict
2024-05-03 11:47:29 [INFO] chenao: [FILE:../src/wordonline/Dictionary.cc] [Line:223] getcnDict
2024-05-03 11:47:29 [INFO] chenao: [FILE:../src/wordonline/Dictionary.cc] [Line:229] getEnIndexTable
2024-05-03 11:47:29 [INFO] chenao: [FILE:../src/wordonline/Dictionary.cc] [Line:235] getCnIndexTable
2024-05-03 11:48:04 [INFO] chenao: [FILE:../src/wordonline/Dictionary.cc] [Line:31]
2024-05-03 11:48:04 [INFO] chenao: [FILE:../src/wordonline/Dictionary.cc] [Line:91] init finish
2024-05-03 11:48:04 [INFO] chenao: [FILE:../src/wordonline/Dictionary.cc] [Line:217] getenDict
2024-05-03 11:48:04 [INFO] chenao: [FILE:../src/wordonline/Dictionary.cc] [Line:223] getcnDict
2024-05-03 11:48:04 [INFO] chenao: [FILE:../src/wordonline/Dictionary.cc] [Line:229] getEnIndexTable
2024-05-03 11:48:04 [INFO] chenao: [FILE:../src/wordonline/Dictionary.cc] [Line:235] getCnIndexTable
2024-05-03 11:52:19 [INFO] chenao: [FILE:../src/wordonline/Dictionary.cc] [Line:31]
2024-05-03 11:52:19 [INFO] chenao: [FILE:../src/wordonline/Dictionary.cc] [Line:91] init finish
2024-05-03 11:52:19 [INFO] chenao: [FILE:../src/wordonline/Dictionary.cc] [Line:217] getenDict
2024-05-03 11:52:19 [INFO] chenao: [FILE:../src/wordonline/Dictionary.cc] [Line:223] getcnDict
2024-05-03 11:52:19 [INFO] chenao: [FILE:../src/wordonline/Dictionary.cc] [Line:229] getEnIndexTable
2024-05-03 11:52:19 [INFO] chenao: [FILE:../src/wordonline/Dictionary.cc] [Line:235] getCnIndexTable
2024-05-03 11:53:54 [INFO] chenao: [FILE:../src/wordonline/Dictionary.cc] [Line:31]
2024-05-03 11:53:54 [INFO] chenao: [FILE:../src/wordonline/Dictionary.cc] [Line:91] init finish
2024-05-03 11:53:54 [INFO] chenao: [FILE:../src/wordonline/Dictionary.cc] [Line:217] getenDict
2024-05-03 11:53:54 [INFO] chenao: [FILE:../src/wordonline/Dictionary.cc] [Line:223] getcnDict
2024-05-03 11:53:54 [INFO] chenao: [FILE:../src/wordonline/Dictionary.cc] [Line:229] getEnIndexTable
2024-05-03 11:53:54 [INFO] chenao: [FILE:../src/wordonline/Dictionary.cc] [Line:235] getCnIndexTable
2024-05-03 11:56:02 [INFO] chenao: [FILE:../src/wordonline/Dictionary.cc] [Line:31]
2024-05-03 11:56:02 [INFO] chenao: [FILE:../src/wordonline/Dictionary.cc] [Line:91] init finish
2024-05-03 11:56:02 [INFO] chenao: [FILE:../src/wordonline/Dictionary.cc] [Line:217] getenDict
2024-05-03 11:56:02 [INFO] chenao: [FILE:../src/wordonline/Dictionary.cc] [Line:223] getcnDict
2024-05-03 11:56:02 [INFO] chenao: [FILE:../src/wordonline/Dictionary.cc] [Line:229] getEnIndexTable
2024-05-03 11:56:02 [INFO] chenao: [FILE:../src/wordonline/Dictionary.cc] [Line:235] getCnIndexTable
2024-05-03 12:44:04 [INFO] chenao: [FILE:../src/wordoffline/DictProducer.cc] [Line:165]
2024-05-03 12:44:04 [INFO] chenao: [FILE:../src/wordoffline/DictProducer.cc] [Line:165]
2024-05-03 12:44:06 [INFO] chenao: [FILE:../src/wordoffline/DictProducer.cc] [Line:165]
2024-05-03 12:44:06 [INFO] chenao: [FILE:../src/wordoffline/DictProducer.cc] [Line:165]
2024-05-03 12:44:08 [INFO] chenao: [FILE:../src/wordoffline/DictProducer.cc] [Line:165]
2024-05-03 12:44:08 [INFO] chenao: [FILE:../src/wordoffline/DictProducer.cc] [Line:165]
2024-05-03 12:44:09 [INFO] chenao: [FILE:../src/wordoffline/DictProducer.cc] [Line:165]
2024-05-03 12:44:09 [INFO] chenao: [FILE:../src/wordoffline/DictProducer.cc] [Line:165]
2024-05-03 12:44:11 [INFO] chenao: [FILE:../src/wordoffline/DictProducer.cc] [Line:165]
2024-05-03 12:44:11 [INFO] chenao: [FILE:../src/wordoffline/DictProducer.cc] [Line:165]
2024-05-03 12:44:12 [INFO] chenao: [FILE:../src/wordoffline/DictProducer.cc] [Line:165]
2024-05-03 12:44:12 [INFO] chenao: [FILE:../src/wordoffline/DictProducer.cc] [Line:165]
2024-05-03 12:44:14 [INFO] chenao: [FILE:../src/wordoffline/DictProducer.cc] [Line:165]
2024-05-03 12:44:14 [INFO] chenao: [FILE:../src/wordoffline/DictProducer.cc] [Line:165]
2024-05-03 12:44:15 [INFO] chenao: [FILE:../src/wordoffline/DictProducer.cc] [Line:165]
2024-05-03 12:44:15 [INFO] chenao: [FILE:../src/wordoffline/DictProducer.cc] [Line:165]
2024-05-03 12:44:17 [INFO] chenao: [FILE:../src/wordoffline/DictProducer.cc] [Line:165]
2024-05-03 12:44:17 [INFO] chenao: [FILE:../src/wordoffline/DictProducer.cc] [Line:165]
2024-05-03 12:44:18 [INFO] chenao: [FILE:../src/wordoffline/DictProducer.cc] [Line:165]
2024-05-03 12:44:18 [INFO] chenao: [FILE:../src/wordoffline/DictProducer.cc] [Line:165]
2024-05-03 12:44:20 [INFO] chenao: [FILE:../src/wordoffline/DictProducer.cc] [Line:165]
2024-05-03 12:44:20 [INFO] chenao: [FILE:../src/wordoffline/DictProducer.cc] [Line:165]
2024-05-03 12:44:21 [INFO] chenao: [FILE:../src/wordoffline/DictProducer.cc] [Line:165]
2024-05-03 12:44:21 [INFO] chenao: [FILE:../src/wordoffline/DictProducer.cc] [Line:165]
2024-05-03 12:44:23 [INFO] chenao: [FILE:../src/wordoffline/DictProducer.cc] [Line:165]
2024-05-03 12:44:23 [INFO] chenao: [FILE:../src/wordoffline/DictProducer.cc] [Line:165]
2024-05-03 12:44:24 [INFO] chenao: [FILE:../src/wordoffline/DictProducer.cc] [Line:165]
2024-05-03 12:44:24 [INFO] chenao: [FILE:../src/wordoffline/DictProducer.cc] [Line:165]
2024-05-03 12:44:26 [INFO] chenao: [FILE:../src/wordoffline/DictProducer.cc] [Line:165]
2024-05-03 12:44:26 [INFO] chenao: [FILE:../src/wordoffline/DictProducer.cc] [Line:165]
2024-05-03 12:44:27 [INFO] chenao: [FILE:../src/wordoffline/DictProducer.cc] [Line:165]
2024-05-03 12:44:27 [INFO] chenao: [FILE:../src/wordoffline/DictProducer.cc] [Line:165]
2024-05-03 12:44:29 [INFO] chenao: [FILE:../src/wordoffline/DictProducer.cc] [Line:165]
2024-05-03 12:44:29 [INFO] chenao: [FILE:../src/wordoffline/DictProducer.cc] [Line:165]
2024-05-03 12:44:32 [INFO] chenao: [FILE:../src/wordoffline/DictProducer.cc] [Line:165]
2024-05-03 12:44:32 [INFO] chenao: [FILE:../src/wordoffline/DictProducer.cc] [Line:165]
2024-05-03 12:47:40 [INFO] chenao: [FILE:../src/wordoffline/DictProducer.cc] [Line:165]
2024-05-03 12:47:40 [INFO] chenao: [FILE:../src/wordoffline/DictProducer.cc] [Line:165]
2024-05-03 12:47:41 [INFO] chenao: [FILE:../src/wordoffline/DictProducer.cc] [Line:165]
2024-05-03 12:47:41 [INFO] chenao: [FILE:../src/wordoffline/DictProducer.cc] [Line:165]
2024-05-03 12:47:43 [INFO] chenao: [FILE:../src/wordoffline/DictProducer.cc] [Line:165]
2024-05-03 12:47:43 [INFO] chenao: [FILE:../src/wordoffline/DictProducer.cc] [Line:165]
2024-05-03 12:47:45 [INFO] chenao: [FILE:../src/wordoffline/DictProducer.cc] [Line:165]
2024-05-03 12:47:45 [INFO] chenao: [FILE:../src/wordoffline/DictProducer.cc] [Line:165]
2024-05-03 12:47:46 [INFO] chenao: [FILE:../src/wordoffline/DictProducer.cc] [Line:165]
2024-05-03 12:47:46 [INFO] chenao: [FILE:../src/wordoffline/DictProducer.cc] [Line:165]
2024-05-03 12:47:48 [INFO] chenao: [FILE:../src/wordoffline/DictProducer.cc] [Line:165]
2024-05-03 12:47:48 [INFO] chenao: [FILE:../src/wordoffline/DictProducer.cc] [Line:165]
2024-05-03 12:47:49 [INFO] chenao: [FILE:../src/wordoffline/DictProducer.cc] [Line:165]
2024-05-03 12:47:49 [INFO] chenao: [FILE:../src/wordoffline/DictProducer.cc] [Line:165]
2024-05-03 12:47:51 [INFO] chenao: [FILE:../src/wordoffline/DictProducer.cc] [Line:165]
2024-05-03 12:47:51 [INFO] chenao: [FILE:../src/wordoffline/DictProducer.cc] [Line:165]
2024-05-03 12:47:52 [INFO] chenao: [FILE:../src/wordoffline/DictProducer.cc] [Line:165]
2024-05-03 12:47:52 [INFO] chenao: [FILE:../src/wordoffline/DictProducer.cc] [Line:165]
2024-05-03 12:47:53 [INFO] chenao: [FILE:../src/wordoffline/DictProducer.cc] [Line:165]
2024-05-03 12:47:53 [INFO] chenao: [FILE:../src/wordoffline/DictProducer.cc] [Line:165]
2024-05-03 12:47:55 [INFO] chenao: [FILE:../src/wordoffline/DictProducer.cc] [Line:165]
2024-05-03 12:47:55 [INFO] chenao: [FILE:../src/wordoffline/DictProducer.cc] [Line:165]
2024-05-03 12:47:57 [INFO] chenao: [FILE:../src/wordoffline/DictProducer.cc] [Line:165]
2024-05-03 12:47:57 [INFO] chenao: [FILE:../src/wordoffline/DictProducer.cc] [Line:165]
2024-05-03 12:47:58 [INFO] chenao: [FILE:../src/wordoffline/DictProducer.cc] [Line:165]
2024-05-03 12:47:58 [INFO] chenao: [FILE:../src/wordoffline/DictProducer.cc] [Line:165]
2024-05-03 12:48:00 [INFO] chenao: [FILE:../src/wordoffline/DictProducer.cc] [Line:165]
2024-05-03 12:48:00 [INFO] chenao: [FILE:../src/wordoffline/DictProducer.cc] [Line:165]
2024-05-03 12:48:01 [INFO] chenao: [FILE:../src/wordoffline/DictProducer.cc] [Line:165]
2024-05-03 12:48:01 [INFO] chenao: [FILE:../src/wordoffline/DictProducer.cc] [Line:165]
2024-05-03 12:48:03 [INFO] chenao: [FILE:../src/wordoffline/DictProducer.cc] [Line:165]
2024-05-03 12:48:03 [INFO] chenao: [FILE:../src/wordoffline/DictProducer.cc] [Line:165]
2024-05-03 12:48:04 [INFO] chenao: [FILE:../src/wordoffline/DictProducer.cc] [Line:165]
2024-05-03 12:48:04 [INFO] chenao: [FILE:../src/wordoffline/DictProducer.cc] [Line:165]
2024-05-03 12:48:07 [INFO] chenao: [FILE:../src/wordoffline/DictProducer.cc] [Line:165]
2024-05-03 12:48:07 [INFO] chenao: [FILE:../src/wordoffline/DictProducer.cc] [Line:165]
2024-05-03 12:48:09 [INFO] chenao: [FILE:../src/wordoffline/DictProducer.cc] [Line:165]
2024-05-03 12:48:09 [INFO] chenao: [FILE:../src/wordoffline/DictProducer.cc] [Line:165]
2024-05-03 12:48:10 [INFO] chenao: [FILE:../src/wordoffline/DictProducer.cc] [Line:165]
2024-05-03 12:48:10 [INFO] chenao: [FILE:../src/wordoffline/DictProducer.cc] [Line:165]
2024-05-03 12:48:12 [INFO] chenao: [FILE:../src/wordoffline/DictProducer.cc] [Line:165]
2024-05-03 12:48:12 [INFO] chenao: [FILE:../src/wordoffline/DictProducer.cc] [Line:165]
2024-05-03 13:05:16 [INFO] chenao: [FILE:../src/wordoffline/DictProducer.cc] [Line:165]
2024-05-03 13:05:16 [INFO] chenao: [FILE:../src/wordoffline/DictProducer.cc] [Line:165]
2024-05-03 13:05:18 [INFO] chenao: [FILE:../src/wordoffline/DictProducer.cc] [Line:165]
2024-05-03 13:05:18 [INFO] chenao: [FILE:../src/wordoffline/DictProducer.cc] [Line:165]
2024-05-03 13:05:19 [INFO] chenao: [FILE:../src/wordoffline/DictProducer.cc] [Line:165]
2024-05-03 13:05:19 [INFO] chenao: [FILE:../src/wordoffline/DictProducer.cc] [Line:165]
2024-05-03 13:05:21 [INFO] chenao: [FILE:../src/wordoffline/DictProducer.cc] [Line:165]
2024-05-03 13:05:21 [INFO] chenao: [FILE:../src/wordoffline/DictProducer.cc] [Line:165]
2024-05-03 13:05:22 [INFO] chenao: [FILE:../src/wordoffline/DictProducer.cc] [Line:165]
2024-05-03 13:05:22 [INFO] chenao: [FILE:../src/wordoffline/DictProducer.cc] [Line:165]
2024-05-03 13:05:24 [INFO] chenao: [FILE:../src/wordoffline/DictProducer.cc] [Line:165]
2024-05-03 13:05:24 [INFO] chenao: [FILE:../src/wordoffline/DictProducer.cc] [Line:165]
2024-05-03 13:05:25 [INFO] chenao: [FILE:../src/wordoffline/DictProducer.cc] [Line:165]
2024-05-03 13:05:25 [INFO] chenao: [FILE:../src/wordoffline/DictProducer.cc] [Line:165]
2024-05-03 13:05:27 [INFO] chenao: [FILE:../src/wordoffline/DictProducer.cc] [Line:165]
2024-05-03 13:05:27 [INFO] chenao: [FILE:../src/wordoffline/DictProducer.cc] [Line:165]
2024-05-03 13:05:28 [INFO] chenao: [FILE:../src/wordoffline/DictProducer.cc] [Line:165]
2024-05-03 13:05:28 [INFO] chenao: [FILE:../src/wordoffline/DictProducer.cc] [Line:165]
2024-05-03 13:05:30 [INFO] chenao: [FILE:../src/wordoffline/DictProducer.cc] [Line:165]
2024-05-03 13:05:30 [INFO] chenao: [FILE:../src/wordoffline/DictProducer.cc] [Line:165]
2024-05-03 13:05:31 [INFO] chenao: [FILE:../src/wordoffline/DictProducer.cc] [Line:165]
2024-05-03 13:05:31 [INFO] chenao: [FILE:../src/wordoffline/DictProducer.cc] [Line:165]
2024-05-03 13:05:33 [INFO] chenao: [FILE:../src/wordoffline/DictProducer.cc] [Line:165]
2024-05-03 13:05:33 [INFO] chenao: [FILE:../src/wordoffline/DictProducer.cc] [Line:165]
2024-05-03 13:05:34 [INFO] chenao: [FILE:../src/wordoffline/DictProducer.cc] [Line:165]
2024-05-03 13:05:34 [INFO] chenao: [FILE:../src/wordoffline/DictProducer.cc] [Line:165]
2024-05-03 13:05:36 [INFO] chenao: [FILE:../src/wordoffline/DictProducer.cc] [Line:165]
2024-05-03 13:05:36 [INFO] chenao: [FILE:../src/wordoffline/DictProducer.cc] [Line:165]
2024-05-03 13:05:37 [INFO] chenao: [FILE:../src/wordoffline/DictProducer.cc] [Line:165]
2024-05-03 13:05:37 [INFO] chenao: [FILE:../src/wordoffline/DictProducer.cc] [Line:165]
2024-05-03 13:05:39 [INFO] chenao: [FILE:../src/wordoffline/DictProducer.cc] [Line:165]
2024-05-03 13:05:39 [INFO] chenao: [FILE:../src/wordoffline/DictProducer.cc] [Line:165]
2024-05-03 13:05:40 [INFO] chenao: [FILE:../src/wordoffline/DictProducer.cc] [Line:165]
2024-05-03 13:05:40 [INFO] chenao: [FILE:../src/wordoffline/DictProducer.cc] [Line:165]
2024-05-03 13:05:43 [INFO] chenao: [FILE:../src/wordoffline/DictProducer.cc] [Line:165]
2024-05-03 13:05:43 [INFO] chenao: [FILE:../src/wordoffline/DictProducer.cc] [Line:165]
2024-05-03 13:05:45 [INFO] chenao: [FILE:../src/wordoffline/DictProducer.cc] [Line:165]
2024-05-03 13:05:45 [INFO] chenao: [FILE:../src/wordoffline/DictProducer.cc] [Line:165]
2024-05-03 13:05:46 [INFO] chenao: [FILE:../src/wordoffline/DictProducer.cc] [Line:165]
2024-05-03 13:05:46 [INFO] chenao: [FILE:../src/wordoffline/DictProducer.cc] [Line:165]
2024-05-03 13:05:48 [INFO] chenao: [FILE:../src/wordoffline/DictProducer.cc] [Line:165]
2024-05-03 13:05:48 [INFO] chenao: [FILE:../src/wordoffline/DictProducer.cc] [Line:165]
2024-05-03 13:07:30 [INFO] chenao: [FILE:../src/wordoffline/DictProducer.cc] [Line:165]
2024-05-03 13:07:30 [INFO] chenao: [FILE:../src/wordoffline/DictProducer.cc] [Line:165]
2024-05-03 13:07:31 [INFO] chenao: [FILE:../src/wordoffline/DictProducer.cc] [Line:165]
2024-05-03 13:07:31 [INFO] chenao: [FILE:../src/wordoffline/DictProducer.cc] [Line:165]
2024-05-03 13:07:33 [INFO] chenao: [FILE:../src/wordoffline/DictProducer.cc] [Line:165]
2024-05-03 13:07:33 [INFO] chenao: [FILE:../src/wordoffline/DictProducer.cc] [Line:165]
2024-05-03 13:07:34 [INFO] chenao: [FILE:../src/wordoffline/DictProducer.cc] [Line:165]
2024-05-03 13:07:34 [INFO] chenao: [FILE:../src/wordoffline/DictProducer.cc] [Line:165]
2024-05-03 13:07:36 [INFO] chenao: [FILE:../src/wordoffline/DictProducer.cc] [Line:165]
2024-05-03 13:07:36 [INFO] chenao: [FILE:../src/wordoffline/DictProducer.cc] [Line:165]
2024-05-03 13:07:37 [INFO] chenao: [FILE:../src/wordoffline/DictProducer.cc] [Line:165]
2024-05-03 13:07:37 [INFO] chenao: [FILE:../src/wordoffline/DictProducer.cc] [Line:165]
2024-05-03 13:07:39 [INFO] chenao: [FILE:../src/wordoffline/DictProducer.cc] [Line:165]
2024-05-03 13:07:39 [INFO] chenao: [FILE:../src/wordoffline/DictProducer.cc] [Line:165]
2024-05-03 13:07:40 [INFO] chenao: [FILE:../src/wordoffline/DictProducer.cc] [Line:165]
2024-05-03 13:07:40 [INFO] chenao: [FILE:../src/wordoffline/DictProducer.cc] [Line:165]
2024-05-03 13:07:42 [INFO] chenao: [FILE:../src/wordoffline/DictProducer.cc] [Line:165]
2024-05-03 13:07:42 [INFO] chenao: [FILE:../src/wordoffline/DictProducer.cc] [Line:165]
2024-05-03 13:07:43 [INFO] chenao: [FILE:../src/wordoffline/DictProducer.cc] [Line:165]
2024-05-03 13:07:43 [INFO] chenao: [FILE:../src/wordoffline/DictProducer.cc] [Line:165]
2024-05-03 13:07:45 [INFO] chenao: [FILE:../src/wordoffline/DictProducer.cc] [Line:165]
2024-05-03 13:07:45 [INFO] chenao: [FILE:../src/wordoffline/DictProducer.cc] [Line:165]
2024-05-03 13:07:46 [INFO] chenao: [FILE:../src/wordoffline/DictProducer.cc] [Line:165]
2024-05-03 13:07:46 [INFO] chenao: [FILE:../src/wordoffline/DictProducer.cc] [Line:165]
2024-05-03 13:07:48 [INFO] chenao: [FILE:../src/wordoffline/DictProducer.cc] [Line:165]
2024-05-03 13:07:48 [INFO] chenao: [FILE:../src/wordoffline/DictProducer.cc] [Line:165]
2024-05-03 13:07:49 [INFO] chenao: [FILE:../src/wordoffline/DictProducer.cc] [Line:165]
2024-05-03 13:07:49 [INFO] chenao: [FILE:../src/wordoffline/DictProducer.cc] [Line:165]
2024-05-03 13:07:51 [INFO] chenao: [FILE:../src/wordoffline/DictProducer.cc] [Line:165]
2024-05-03 13:07:51 [INFO] chenao: [FILE:../src/wordoffline/DictProducer.cc] [Line:165]
2024-05-03 13:07:52 [INFO] chenao: [FILE:../src/wordoffline/DictProducer.cc] [Line:165]
2024-05-03 13:07:52 [INFO] chenao: [FILE:../src/wordoffline/DictProducer.cc] [Line:165]
2024-05-03 13:07:54 [INFO] chenao: [FILE:../src/wordoffline/DictProducer.cc] [Line:165]
2024-05-03 13:07:54 [INFO] chenao: [FILE:../src/wordoffline/DictProducer.cc] [Line:165]
2024-05-03 13:07:57 [INFO] chenao: [FILE:../src/wordoffline/DictProducer.cc] [Line:165]
2024-05-03 13:07:57 [INFO] chenao: [FILE:../src/wordoffline/DictProducer.cc] [Line:165]
2024-05-03 13:07:58 [INFO] chenao: [FILE:../src/wordoffline/DictProducer.cc] [Line:165]
2024-05-03 13:07:58 [INFO] chenao: [FILE:../src/wordoffline/DictProducer.cc] [Line:165]
2024-05-03 13:08:00 [INFO] chenao: [FILE:../src/wordoffline/DictProducer.cc] [Line:165]
2024-05-03 13:08:00 [INFO] chenao: [FILE:../src/wordoffline/DictProducer.cc] [Line:165]
2024-05-03 13:08:01 [INFO] chenao: [FILE:../src/wordoffline/DictProducer.cc] [Line:165]
2024-05-03 13:08:01 [INFO] chenao: [FILE:../src/wordoffline/DictProducer.cc] [Line:165]
2024-05-03 13:09:09 [INFO] chenao: [FILE:../src/wordoffline/DictProducer.cc] [Line:165]
2024-05-03 13:09:09 [INFO] chenao: [FILE:../src/wordoffline/DictProducer.cc] [Line:165]
2024-05-03 13:09:11 [INFO] chenao: [FILE:../src/wordoffline/DictProducer.cc] [Line:165]
2024-05-03 13:09:11 [INFO] chenao: [FILE:../src/wordoffline/DictProducer.cc] [Line:165]
2024-05-03 13:09:13 [INFO] chenao: [FILE:../src/wordoffline/DictProducer.cc] [Line:165]
2024-05-03 13:09:13 [INFO] chenao: [FILE:../src/wordoffline/DictProducer.cc] [Line:165]
2024-05-03 13:09:14 [INFO] chenao: [FILE:../src/wordoffline/DictProducer.cc] [Line:165]
2024-05-03 13:09:14 [INFO] chenao: [FILE:../src/wordoffline/DictProducer.cc] [Line:165]
2024-05-03 13:09:16 [INFO] chenao: [FILE:../src/wordoffline/DictProducer.cc] [Line:165]
2024-05-03 13:09:16 [INFO] chenao: [FILE:../src/wordoffline/DictProducer.cc] [Line:165]
2024-05-03 13:09:17 [INFO] chenao: [FILE:../src/wordoffline/DictProducer.cc] [Line:165]
2024-05-03 13:09:17 [INFO] chenao: [FILE:../src/wordoffline/DictProducer.cc] [Line:165]
2024-05-03 13:09:19 [INFO] chenao: [FILE:../src/wordoffline/DictProducer.cc] [Line:165]
2024-05-03 13:09:19 [INFO] chenao: [FILE:../src/wordoffline/DictProducer.cc] [Line:165]
2024-05-03 13:09:20 [INFO] chenao: [FILE:../src/wordoffline/DictProducer.cc] [Line:165]
2024-05-03 13:09:20 [INFO] chenao: [FILE:../src/wordoffline/DictProducer.cc] [Line:165]
2024-05-03 13:09:22 [INFO] chenao: [FILE:../src/wordoffline/DictProducer.cc] [Line:165]
2024-05-03 13:09:22 [INFO] chenao: [FILE:../src/wordoffline/DictProducer.cc] [Line:165]
2024-05-03 13:09:23 [INFO] chenao: [FILE:../src/wordoffline/DictProducer.cc] [Line:165]
2024-05-03 13:09:23 [INFO] chenao: [FILE:../src/wordoffline/DictProducer.cc] [Line:165]
2024-05-03 13:09:25 [INFO] chenao: [FILE:../src/wordoffline/DictProducer.cc] [Line:165]
2024-05-03 13:09:25 [INFO] chenao: [FILE:../src/wordoffline/DictProducer.cc] [Line:165]
2024-05-03 13:09:26 [INFO] chenao: [FILE:../src/wordoffline/DictProducer.cc] [Line:165]
2024-05-03 13:09:26 [INFO] chenao: [FILE:../src/wordoffline/DictProducer.cc] [Line:165]
2024-05-03 13:09:28 [INFO] chenao: [FILE:../src/wordoffline/DictProducer.cc] [Line:165]
2024-05-03 13:09:28 [INFO] chenao: [FILE:../src/wordoffline/DictProducer.cc] [Line:165]
2024-05-03 13:09:29 [INFO] chenao: [FILE:../src/wordoffline/DictProducer.cc] [Line:165]
2024-05-03 13:09:29 [INFO] chenao: [FILE:../src/wordoffline/DictProducer.cc] [Line:165]
2024-05-03 13:09:31 [INFO] chenao: [FILE:../src/wordoffline/DictProducer.cc] [Line:165]
2024-05-03 13:09:31 [INFO] chenao: [FILE:../src/wordoffline/DictProducer.cc] [Line:165]
2024-05-03 13:09:32 [INFO] chenao: [FILE:../src/wordoffline/DictProducer.cc] [Line:165]
2024-05-03 13:09:32 [INFO] chenao: [FILE:../src/wordoffline/DictProducer.cc] [Line:165]
2024-05-03 13:09:34 [INFO] chenao: [FILE:../src/wordoffline/DictProducer.cc] [Line:165]
2024-05-03 13:09:34 [INFO] chenao: [FILE:../src/wordoffline/DictProducer.cc] [Line:165]
2024-05-03 13:09:37 [INFO] chenao: [FILE:../src/wordoffline/DictProducer.cc] [Line:165]
2024-05-03 13:09:37 [INFO] chenao: [FILE:../src/wordoffline/DictProducer.cc] [Line:165]
2024-05-03 13:09:38 [INFO] chenao: [FILE:../src/wordoffline/DictProducer.cc] [Line:165]
2024-05-03 13:09:38 [INFO] chenao: [FILE:../src/wordoffline/DictProducer.cc] [Line:165]
2024-05-03 13:09:40 [INFO] chenao: [FILE:../src/wordoffline/DictProducer.cc] [Line:165]
2024-05-03 13:09:40 [INFO] chenao: [FILE:../src/wordoffline/DictProducer.cc] [Line:165]
2024-05-03 13:09:41 [INFO] chenao: [FILE:../src/wordoffline/DictProducer.cc] [Line:165]
2024-05-03 13:09:41 [INFO] chenao: [FILE:../src/wordoffline/DictProducer.cc] [Line:165]
2024-05-03 13:10:38 [INFO] chenao: [FILE:../src/wordonline/Dictionary.cc] [Line:31]
2024-05-03 13:10:38 [INFO] chenao: [FILE:../src/wordonline/Dictionary.cc] [Line:91] init finish
2024-05-03 13:10:38 [INFO] chenao: [FILE:../src/wordonline/Dictionary.cc] [Line:217] getenDict
2024-05-03 13:10:38 [INFO] chenao: [FILE:../src/wordonline/Dictionary.cc] [Line:223] getcnDict
2024-05-03 13:10:38 [INFO] chenao: [FILE:../src/wordonline/Dictionary.cc] [Line:229] getEnIndexTable
2024-05-03 13:10:38 [INFO] chenao: [FILE:../src/wordonline/Dictionary.cc] [Line:235] getCnIndexTable
2024-05-03 14:45:32 [INFO] chenao: [FILE:../src/wordoffline/DictProducer.cc] [Line:165]
2024-05-03 14:45:32 [INFO] chenao: [FILE:../src/wordoffline/DictProducer.cc] [Line:165]
2024-05-03 14:45:34 [INFO] chenao: [FILE:../src/wordoffline/DictProducer.cc] [Line:165]
2024-05-03 14:45:34 [INFO] chenao: [FILE:../src/wordoffline/DictProducer.cc] [Line:165]
2024-05-03 14:45:35 [INFO] chenao: [FILE:../src/wordoffline/DictProducer.cc] [Line:165]
2024-05-03 14:45:35 [INFO] chenao: [FILE:../src/wordoffline/DictProducer.cc] [Line:165]
2024-05-03 14:45:37 [INFO] chenao: [FILE:../src/wordoffline/DictProducer.cc] [Line:165]
2024-05-03 14:45:37 [INFO] chenao: [FILE:../src/wordoffline/DictProducer.cc] [Line:165]
2024-05-03 14:45:38 [INFO] chenao: [FILE:../src/wordoffline/DictProducer.cc] [Line:165]
2024-05-03 14:45:38 [INFO] chenao: [FILE:../src/wordoffline/DictProducer.cc] [Line:165]
2024-05-03 14:45:40 [INFO] chenao: [FILE:../src/wordoffline/DictProducer.cc] [Line:165]
2024-05-03 14:45:40 [INFO] chenao: [FILE:../src/wordoffline/DictProducer.cc] [Line:165]
2024-05-03 14:45:41 [INFO] chenao: [FILE:../src/wordoffline/DictProducer.cc] [Line:165]
2024-05-03 14:45:41 [INFO] chenao: [FILE:../src/wordoffline/DictProducer.cc] [Line:165]
2024-05-03 14:45:43 [INFO] chenao: [FILE:../src/wordoffline/DictProducer.cc] [Line:165]
2024-05-03 14:45:43 [INFO] chenao: [FILE:../src/wordoffline/DictProducer.cc] [Line:165]
2024-05-03 14:45:44 [INFO] chenao: [FILE:../src/wordoffline/DictProducer.cc] [Line:165]
2024-05-03 14:45:44 [INFO] chenao: [FILE:../src/wordoffline/DictProducer.cc] [Line:165]
2024-05-03 14:45:46 [INFO] chenao: [FILE:../src/wordoffline/DictProducer.cc] [Line:165]
2024-05-03 14:45:46 [INFO] chenao: [FILE:../src/wordoffline/DictProducer.cc] [Line:165]
2024-05-03 14:45:47 [INFO] chenao: [FILE:../src/wordoffline/DictProducer.cc] [Line:165]
2024-05-03 14:45:47 [INFO] chenao: [FILE:../src/wordoffline/DictProducer.cc] [Line:165]
2024-05-03 14:45:49 [INFO] chenao: [FILE:../src/wordoffline/DictProducer.cc] [Line:165]
2024-05-03 14:45:49 [INFO] chenao: [FILE:../src/wordoffline/DictProducer.cc] [Line:165]
2024-05-03 14:45:50 [INFO] chenao: [FILE:../src/wordoffline/DictProducer.cc] [Line:165]
2024-05-03 14:45:50 [INFO] chenao: [FILE:../src/wordoffline/DictProducer.cc] [Line:165]
2024-05-03 14:45:52 [INFO] chenao: [FILE:../src/wordoffline/DictProducer.cc] [Line:165]
2024-05-03 14:45:52 [INFO] chenao: [FILE:../src/wordoffline/DictProducer.cc] [Line:165]
2024-05-03 14:45:53 [INFO] chenao: [FILE:../src/wordoffline/DictProducer.cc] [Line:165]
2024-05-03 14:45:53 [INFO] chenao: [FILE:../src/wordoffline/DictProducer.cc] [Line:165]
2024-05-03 14:46:09 [INFO] chenao: [FILE:../src/wordoffline/DictProducer.cc] [Line:165]
2024-05-03 14:46:09 [INFO] chenao: [FILE:../src/wordoffline/DictProducer.cc] [Line:165]
2024-05-03 14:46:11 [INFO] chenao: [FILE:../src/wordoffline/DictProducer.cc] [Line:165]
2024-05-03 14:46:11 [INFO] chenao: [FILE:../src/wordoffline/DictProducer.cc] [Line:165]
2024-05-03 14:46:12 [INFO] chenao: [FILE:../src/wordoffline/DictProducer.cc] [Line:165]
2024-05-03 14:46:12 [INFO] chenao: [FILE:../src/wordoffline/DictProducer.cc] [Line:165]
2024-05-03 14:46:14 [INFO] chenao: [FILE:../src/wordoffline/DictProducer.cc] [Line:165]
2024-05-03 14:46:14 [INFO] chenao: [FILE:../src/wordoffline/DictProducer.cc] [Line:165]
2024-05-03 14:46:15 [INFO] chenao: [FILE:../src/wordoffline/DictProducer.cc] [Line:165]
2024-05-03 14:46:15 [INFO] chenao: [FILE:../src/wordoffline/DictProducer.cc] [Line:165]
2024-05-03 14:46:17 [INFO] chenao: [FILE:../src/wordoffline/DictProducer.cc] [Line:165]
2024-05-03 14:46:17 [INFO] chenao: [FILE:../src/wordoffline/DictProducer.cc] [Line:165]
2024-05-03 14:46:18 [INFO] chenao: [FILE:../src/wordoffline/DictProducer.cc] [Line:165]
2024-05-03 14:46:18 [INFO] chenao: [FILE:../src/wordoffline/DictProducer.cc] [Line:165]
2024-05-03 14:46:20 [INFO] chenao: [FILE:../src/wordoffline/DictProducer.cc] [Line:165]
2024-05-03 14:46:20 [INFO] chenao: [FILE:../src/wordoffline/DictProducer.cc] [Line:165]
2024-05-03 14:46:21 [INFO] chenao: [FILE:../src/wordoffline/DictProducer.cc] [Line:165]
2024-05-03 14:46:21 [INFO] chenao: [FILE:../src/wordoffline/DictProducer.cc] [Line:165]
2024-05-03 14:46:23 [INFO] chenao: [FILE:../src/wordoffline/DictProducer.cc] [Line:165]
2024-05-03 14:46:23 [INFO] chenao: [FILE:../src/wordoffline/DictProducer.cc] [Line:165]
2024-05-03 14:46:24 [INFO] chenao: [FILE:../src/wordoffline/DictProducer.cc] [Line:165]
2024-05-03 14:46:24 [INFO] chenao: [FILE:../src/wordoffline/DictProducer.cc] [Line:165]
2024-05-03 14:46:26 [INFO] chenao: [FILE:../src/wordoffline/DictProducer.cc] [Line:165]
2024-05-03 14:46:26 [INFO] chenao: [FILE:../src/wordoffline/DictProducer.cc] [Line:165]
2024-05-03 14:46:27 [INFO] chenao: [FILE:../src/wordoffline/DictProducer.cc] [Line:165]
2024-05-03 14:46:27 [INFO] chenao: [FILE:../src/wordoffline/DictProducer.cc] [Line:165]
2024-05-03 14:46:29 [INFO] chenao: [FILE:../src/wordoffline/DictProducer.cc] [Line:165]
2024-05-03 14:46:29 [INFO] chenao: [FILE:../src/wordoffline/DictProducer.cc] [Line:165]
2024-05-03 14:46:30 [INFO] chenao: [FILE:../src/wordoffline/DictProducer.cc] [Line:165]
2024-05-03 14:46:30 [INFO] chenao: [FILE:../src/wordoffline/DictProducer.cc] [Line:165]
2024-05-03 14:46:32 [INFO] chenao: [FILE:../src/wordoffline/DictProducer.cc] [Line:165]
2024-05-03 14:46:32 [INFO] chenao: [FILE:../src/wordoffline/DictProducer.cc] [Line:165]
2024-05-03 14:46:33 [INFO] chenao: [FILE:../src/wordoffline/DictProducer.cc] [Line:165]
2024-05-03 14:46:33 [INFO] chenao: [FILE:../src/wordoffline/DictProducer.cc] [Line:165]
2024-05-03 14:46:36 [INFO] chenao: [FILE:../src/wordoffline/DictProducer.cc] [Line:165]
2024-05-03 14:46:36 [INFO] chenao: [FILE:../src/wordoffline/DictProducer.cc] [Line:165]
2024-05-03 14:46:38 [INFO] chenao: [FILE:../src/wordoffline/DictProducer.cc] [Line:165]
2024-05-03 14:46:38 [INFO] chenao: [FILE:../src/wordoffline/DictProducer.cc] [Line:165]
2024-05-03 14:46:39 [INFO] chenao: [FILE:../src/wordoffline/DictProducer.cc] [Line:165]
2024-05-03 14:46:39 [INFO] chenao: [FILE:../src/wordoffline/DictProducer.cc] [Line:165]
2024-05-03 14:46:41 [INFO] chenao: [FILE:../src/wordoffline/DictProducer.cc] [Line:165]
2024-05-03 14:46:41 [INFO] chenao: [FILE:../src/wordoffline/DictProducer.cc] [Line:165]
2024-05-03 14:48:11 [INFO] chenao: [FILE:../src/wordoffline/DictProducer.cc] [Line:165]
2024-05-03 14:48:11 [INFO] chenao: [FILE:../src/wordoffline/DictProducer.cc] [Line:165]
2024-05-03 14:48:13 [INFO] chenao: [FILE:../src/wordoffline/DictProducer.cc] [Line:165]
2024-05-03 14:48:13 [INFO] chenao: [FILE:../src/wordoffline/DictProducer.cc] [Line:165]
2024-05-03 14:48:15 [INFO] chenao: [FILE:../src/wordoffline/DictProducer.cc] [Line:165]
2024-05-03 14:48:15 [INFO] chenao: [FILE:../src/wordoffline/DictProducer.cc] [Line:165]
2024-05-03 14:48:16 [INFO] chenao: [FILE:../src/wordoffline/DictProducer.cc] [Line:165]
2024-05-03 14:48:16 [INFO] chenao: [FILE:../src/wordoffline/DictProducer.cc] [Line:165]
2024-05-03 14:48:18 [INFO] chenao: [FILE:../src/wordoffline/DictProducer.cc] [Line:165]
2024-05-03 14:48:18 [INFO] chenao: [FILE:../src/wordoffline/DictProducer.cc] [Line:165]
2024-05-03 14:48:19 [INFO] chenao: [FILE:../src/wordoffline/DictProducer.cc] [Line:165]
2024-05-03 14:48:19 [INFO] chenao: [FILE:../src/wordoffline/DictProducer.cc] [Line:165]
2024-05-03 14:48:21 [INFO] chenao: [FILE:../src/wordoffline/DictProducer.cc] [Line:165]
2024-05-03 14:48:21 [INFO] chenao: [FILE:../src/wordoffline/DictProducer.cc] [Line:165]
2024-05-03 14:48:22 [INFO] chenao: [FILE:../src/wordoffline/DictProducer.cc] [Line:165]
2024-05-03 14:48:22 [INFO] chenao: [FILE:../src/wordoffline/DictProducer.cc] [Line:165]
2024-05-03 14:48:24 [INFO] chenao: [FILE:../src/wordoffline/DictProducer.cc] [Line:165]
2024-05-03 14:48:24 [INFO] chenao: [FILE:../src/wordoffline/DictProducer.cc] [Line:165]
2024-05-03 14:48:25 [INFO] chenao: [FILE:../src/wordoffline/DictProducer.cc] [Line:165]
2024-05-03 14:48:25 [INFO] chenao: [FILE:../src/wordoffline/DictProducer.cc] [Line:165]
2024-05-03 14:48:27 [INFO] chenao: [FILE:../src/wordoffline/DictProducer.cc] [Line:165]
2024-05-03 14:48:27 [INFO] chenao: [FILE:../src/wordoffline/DictProducer.cc] [Line:165]
2024-05-03 14:48:28 [INFO] chenao: [FILE:../src/wordoffline/DictProducer.cc] [Line:165]
2024-05-03 14:48:28 [INFO] chenao: [FILE:../src/wordoffline/DictProducer.cc] [Line:165]
2024-05-03 14:48:30 [INFO] chenao: [FILE:../src/wordoffline/DictProducer.cc] [Line:165]
2024-05-03 14:48:30 [INFO] chenao: [FILE:../src/wordoffline/DictProducer.cc] [Line:165]
2024-05-03 14:48:31 [INFO] chenao: [FILE:../src/wordoffline/DictProducer.cc] [Line:165]
2024-05-03 14:48:31 [INFO] chenao: [FILE:../src/wordoffline/DictProducer.cc] [Line:165]
2024-05-03 14:48:33 [INFO] chenao: [FILE:../src/wordoffline/DictProducer.cc] [Line:165]
2024-05-03 14:48:33 [INFO] chenao: [FILE:../src/wordoffline/DictProducer.cc] [Line:165]
2024-05-03 14:48:34 [INFO] chenao: [FILE:../src/wordoffline/DictProducer.cc] [Line:165]
2024-05-03 14:48:34 [INFO] chenao: [FILE:../src/wordoffline/DictProducer.cc] [Line:165]
2024-05-03 14:48:36 [INFO] chenao: [FILE:../src/wordoffline/DictProducer.cc] [Line:165]
2024-05-03 14:48:36 [INFO] chenao: [FILE:../src/wordoffline/DictProducer.cc] [Line:165]
2024-05-03 14:48:39 [INFO] chenao: [FILE:../src/wordoffline/DictProducer.cc] [Line:165]
2024-05-03 14:48:39 [INFO] chenao: [FILE:../src/wordoffline/DictProducer.cc] [Line:165]
2024-05-03 14:48:40 [INFO] chenao: [FILE:../src/wordoffline/DictProducer.cc] [Line:165]
2024-05-03 14:48:40 [INFO] chenao: [FILE:../src/wordoffline/DictProducer.cc] [Line:165]
2024-05-03 14:48:42 [INFO] chenao: [FILE:../src/wordoffline/DictProducer.cc] [Line:165]
2024-05-03 14:48:42 [INFO] chenao: [FILE:../src/wordoffline/DictProducer.cc] [Line:165]
2024-05-03 14:48:44 [INFO] chenao: [FILE:../src/wordoffline/DictProducer.cc] [Line:165]
2024-05-03 14:48:44 [INFO] chenao: [FILE:../src/wordoffline/DictProducer.cc] [Line:165]
2024-05-03 14:57:28 [INFO] chenao: [FILE:../src/wordoffline/DictProducer.cc] [Line:165]
2024-05-03 14:57:28 [INFO] chenao: [FILE:../src/wordoffline/DictProducer.cc] [Line:165]
2024-05-03 14:57:30 [INFO] chenao: [FILE:../src/wordoffline/DictProducer.cc] [Line:165]
2024-05-03 14:57:30 [INFO] chenao: [FILE:../src/wordoffline/DictProducer.cc] [Line:165]
2024-05-03 14:57:32 [INFO] chenao: [FILE:../src/wordoffline/DictProducer.cc] [Line:165]
2024-05-03 14:57:32 [INFO] chenao: [FILE:../src/wordoffline/DictProducer.cc] [Line:165]
2024-05-03 14:57:33 [INFO] chenao: [FILE:../src/wordoffline/DictProducer.cc] [Line:165]
2024-05-03 14:57:33 [INFO] chenao: [FILE:../src/wordoffline/DictProducer.cc] [Line:165]
2024-05-03 14:57:35 [INFO] chenao: [FILE:../src/wordoffline/DictProducer.cc] [Line:165]
2024-05-03 14:57:35 [INFO] chenao: [FILE:../src/wordoffline/DictProducer.cc] [Line:165]
2024-05-03 14:57:36 [INFO] chenao: [FILE:../src/wordoffline/DictProducer.cc] [Line:165]
2024-05-03 14:57:36 [INFO] chenao: [FILE:../src/wordoffline/DictProducer.cc] [Line:165]
2024-05-03 14:57:38 [INFO] chenao: [FILE:../src/wordoffline/DictProducer.cc] [Line:165]
2024-05-03 14:57:38 [INFO] chenao: [FILE:../src/wordoffline/DictProducer.cc] [Line:165]
2024-05-03 14:57:39 [INFO] chenao: [FILE:../src/wordoffline/DictProducer.cc] [Line:165]
2024-05-03 14:57:39 [INFO] chenao: [FILE:../src/wordoffline/DictProducer.cc] [Line:165]
2024-05-03 14:57:41 [INFO] chenao: [FILE:../src/wordoffline/DictProducer.cc] [Line:165]
2024-05-03 14:57:41 [INFO] chenao: [FILE:../src/wordoffline/DictProducer.cc] [Line:165]
2024-05-03 14:57:42 [INFO] chenao: [FILE:../src/wordoffline/DictProducer.cc] [Line:165]
2024-05-03 14:57:42 [INFO] chenao: [FILE:../src/wordoffline/DictProducer.cc] [Line:165]
2024-05-03 14:57:44 [INFO] chenao: [FILE:../src/wordoffline/DictProducer.cc] [Line:165]
2024-05-03 14:57:44 [INFO] chenao: [FILE:../src/wordoffline/DictProducer.cc] [Line:165]
2024-05-03 14:57:45 [INFO] chenao: [FILE:../src/wordoffline/DictProducer.cc] [Line:165]
2024-05-03 14:57:45 [INFO] chenao: [FILE:../src/wordoffline/DictProducer.cc] [Line:165]
2024-05-03 14:57:47 [INFO] chenao: [FILE:../src/wordoffline/DictProducer.cc] [Line:165]
2024-05-03 14:57:47 [INFO] chenao: [FILE:../src/wordoffline/DictProducer.cc] [Line:165]
2024-05-03 14:57:48 [INFO] chenao: [FILE:../src/wordoffline/DictProducer.cc] [Line:165]
2024-05-03 14:57:48 [INFO] chenao: [FILE:../src/wordoffline/DictProducer.cc] [Line:165]
2024-05-03 14:57:50 [INFO] chenao: [FILE:../src/wordoffline/DictProducer.cc] [Line:165]
2024-05-03 14:57:50 [INFO] chenao: [FILE:../src/wordoffline/DictProducer.cc] [Line:165]
2024-05-03 14:57:51 [INFO] chenao: [FILE:../src/wordoffline/DictProducer.cc] [Line:165]
2024-05-03 14:57:51 [INFO] chenao: [FILE:../src/wordoffline/DictProducer.cc] [Line:165]
2024-05-03 14:57:53 [INFO] chenao: [FILE:../src/wordoffline/DictProducer.cc] [Line:165]
2024-05-03 14:57:53 [INFO] chenao: [FILE:../src/wordoffline/DictProducer.cc] [Line:165]
2024-05-03 14:57:56 [INFO] chenao: [FILE:../src/wordoffline/DictProducer.cc] [Line:165]
2024-05-03 14:57:56 [INFO] chenao: [FILE:../src/wordoffline/DictProducer.cc] [Line:165]
2024-05-03 14:57:57 [INFO] chenao: [FILE:../src/wordoffline/DictProducer.cc] [Line:165]
2024-05-03 14:57:57 [INFO] chenao: [FILE:../src/wordoffline/DictProducer.cc] [Line:165]
2024-05-03 14:57:59 [INFO] chenao: [FILE:../src/wordoffline/DictProducer.cc] [Line:165]
2024-05-03 14:57:59 [INFO] chenao: [FILE:../src/wordoffline/DictProducer.cc] [Line:165]
2024-05-03 14:58:00 [INFO] chenao: [FILE:../src/wordoffline/DictProducer.cc] [Line:165]
2024-05-03 14:58:00 [INFO] chenao: [FILE:../src/wordoffline/DictProducer.cc] [Line:165]
2024-05-03 15:15:41 [INFO] chenao: [FILE:../src/wordoffline/DictProducer.cc] [Line:165]
2024-05-03 15:15:41 [INFO] chenao: [FILE:../src/wordoffline/DictProducer.cc] [Line:165]
2024-05-03 15:15:42 [INFO] chenao: [FILE:../src/wordoffline/DictProducer.cc] [Line:165]
2024-05-03 15:15:42 [INFO] chenao: [FILE:../src/wordoffline/DictProducer.cc] [Line:165]
2024-05-03 15:15:44 [INFO] chenao: [FILE:../src/wordoffline/DictProducer.cc] [Line:165]
2024-05-03 15:15:44 [INFO] chenao: [FILE:../src/wordoffline/DictProducer.cc] [Line:165]
2024-05-03 15:15:45 [INFO] chenao: [FILE:../src/wordoffline/DictProducer.cc] [Line:165]
2024-05-03 15:15:45 [INFO] chenao: [FILE:../src/wordoffline/DictProducer.cc] [Line:165]
2024-05-03 15:15:47 [INFO] chenao: [FILE:../src/wordoffline/DictProducer.cc] [Line:165]
2024-05-03 15:15:47 [INFO] chenao: [FILE:../src/wordoffline/DictProducer.cc] [Line:165]
2024-05-03 15:15:48 [INFO] chenao: [FILE:../src/wordoffline/DictProducer.cc] [Line:165]
2024-05-03 15:15:48 [INFO] chenao: [FILE:../src/wordoffline/DictProducer.cc] [Line:165]
2024-05-03 15:15:50 [INFO] chenao: [FILE:../src/wordoffline/DictProducer.cc] [Line:165]
2024-05-03 15:15:50 [INFO] chenao: [FILE:../src/wordoffline/DictProducer.cc] [Line:165]
2024-05-03 15:15:51 [INFO] chenao: [FILE:../src/wordoffline/DictProducer.cc] [Line:165]
2024-05-03 15:15:51 [INFO] chenao: [FILE:../src/wordoffline/DictProducer.cc] [Line:165]
2024-05-03 15:15:53 [INFO] chenao: [FILE:../src/wordoffline/DictProducer.cc] [Line:165]
2024-05-03 15:15:53 [INFO] chenao: [FILE:../src/wordoffline/DictProducer.cc] [Line:165]
2024-05-03 15:15:54 [INFO] chenao: [FILE:../src/wordoffline/DictProducer.cc] [Line:165]
2024-05-03 15:15:54 [INFO] chenao: [FILE:../src/wordoffline/DictProducer.cc] [Line:165]
2024-05-03 15:15:56 [INFO] chenao: [FILE:../src/wordoffline/DictProducer.cc] [Line:165]
2024-05-03 15:15:56 [INFO] chenao: [FILE:../src/wordoffline/DictProducer.cc] [Line:165]
2024-05-03 15:15:57 [INFO] chenao: [FILE:../src/wordoffline/DictProducer.cc] [Line:165]
2024-05-03 15:15:57 [INFO] chenao: [FILE:../src/wordoffline/DictProducer.cc] [Line:165]
2024-05-03 15:15:59 [INFO] chenao: [FILE:../src/wordoffline/DictProducer.cc] [Line:165]
2024-05-03 15:15:59 [INFO] chenao: [FILE:../src/wordoffline/DictProducer.cc] [Line:165]
2024-05-03 15:16:00 [INFO] chenao: [FILE:../src/wordoffline/DictProducer.cc] [Line:165]
2024-05-03 15:16:00 [INFO] chenao: [FILE:../src/wordoffline/DictProducer.cc] [Line:165]
2024-05-03 15:16:02 [INFO] chenao: [FILE:../src/wordoffline/DictProducer.cc] [Line:165]
2024-05-03 15:16:02 [INFO] chenao: [FILE:../src/wordoffline/DictProducer.cc] [Line:165]
2024-05-03 15:16:04 [INFO] chenao: [FILE:../src/wordoffline/DictProducer.cc] [Line:165]
2024-05-03 15:16:04 [INFO] chenao: [FILE:../src/wordoffline/DictProducer.cc] [Line:165]
2024-05-03 15:16:05 [INFO] chenao: [FILE:../src/wordoffline/DictProducer.cc] [Line:165]
2024-05-03 15:16:05 [INFO] chenao: [FILE:../src/wordoffline/DictProducer.cc] [Line:165]
2024-05-03 15:16:08 [INFO] chenao: [FILE:../src/wordoffline/DictProducer.cc] [Line:165]
2024-05-03 15:16:08 [INFO] chenao: [FILE:../src/wordoffline/DictProducer.cc] [Line:165]
2024-05-03 15:16:10 [INFO] chenao: [FILE:../src/wordoffline/DictProducer.cc] [Line:165]
2024-05-03 15:16:10 [INFO] chenao: [FILE:../src/wordoffline/DictProducer.cc] [Line:165]
2024-05-03 15:16:11 [INFO] chenao: [FILE:../src/wordoffline/DictProducer.cc] [Line:165]
2024-05-03 15:16:11 [INFO] chenao: [FILE:../src/wordoffline/DictProducer.cc] [Line:165]
2024-05-03 15:16:13 [INFO] chenao: [FILE:../src/wordoffline/DictProducer.cc] [Line:165]
2024-05-03 15:16:13 [INFO] chenao: [FILE:../src/wordoffline/DictProducer.cc] [Line:165]
2024-05-03 15:16:47 [INFO] chenao: [FILE:../src/wordoffline/DictProducer.cc] [Line:165]
2024-05-03 15:16:47 [INFO] chenao: [FILE:../src/wordoffline/DictProducer.cc] [Line:165]
2024-05-03 15:16:49 [INFO] chenao: [FILE:../src/wordoffline/DictProducer.cc] [Line:165]
2024-05-03 15:16:49 [INFO] chenao: [FILE:../src/wordoffline/DictProducer.cc] [Line:165]
2024-05-03 15:16:50 [INFO] chenao: [FILE:../src/wordoffline/DictProducer.cc] [Line:165]
2024-05-03 15:16:50 [INFO] chenao: [FILE:../src/wordoffline/DictProducer.cc] [Line:165]
2024-05-03 15:16:52 [INFO] chenao: [FILE:../src/wordoffline/DictProducer.cc] [Line:165]
2024-05-03 15:16:52 [INFO] chenao: [FILE:../src/wordoffline/DictProducer.cc] [Line:165]
2024-05-03 15:16:53 [INFO] chenao: [FILE:../src/wordoffline/DictProducer.cc] [Line:165]
2024-05-03 15:16:53 [INFO] chenao: [FILE:../src/wordoffline/DictProducer.cc] [Line:165]
2024-05-03 15:16:55 [INFO] chenao: [FILE:../src/wordoffline/DictProducer.cc] [Line:165]
2024-05-03 15:16:55 [INFO] chenao: [FILE:../src/wordoffline/DictProducer.cc] [Line:165]
2024-05-03 15:16:56 [INFO] chenao: [FILE:../src/wordoffline/DictProducer.cc] [Line:165]
2024-05-03 15:16:56 [INFO] chenao: [FILE:../src/wordoffline/DictProducer.cc] [Line:165]
2024-05-03 15:16:58 [INFO] chenao: [FILE:../src/wordoffline/DictProducer.cc] [Line:165]
2024-05-03 15:16:58 [INFO] chenao: [FILE:../src/wordoffline/DictProducer.cc] [Line:165]
2024-05-03 15:16:59 [INFO] chenao: [FILE:../src/wordoffline/DictProducer.cc] [Line:165]
2024-05-03 15:16:59 [INFO] chenao: [FILE:../src/wordoffline/DictProducer.cc] [Line:165]
2024-05-03 15:17:01 [INFO] chenao: [FILE:../src/wordoffline/DictProducer.cc] [Line:165]
2024-05-03 15:17:01 [INFO] chenao: [FILE:../src/wordoffline/DictProducer.cc] [Line:165]
2024-05-03 15:17:02 [INFO] chenao: [FILE:../src/wordoffline/DictProducer.cc] [Line:165]
2024-05-03 15:17:02 [INFO] chenao: [FILE:../src/wordoffline/DictProducer.cc] [Line:165]
2024-05-03 15:17:04 [INFO] chenao: [FILE:../src/wordoffline/DictProducer.cc] [Line:165]
2024-05-03 15:17:04 [INFO] chenao: [FILE:../src/wordoffline/DictProducer.cc] [Line:165]
2024-05-03 15:17:05 [INFO] chenao: [FILE:../src/wordoffline/DictProducer.cc] [Line:165]
2024-05-03 15:17:05 [INFO] chenao: [FILE:../src/wordoffline/DictProducer.cc] [Line:165]
2024-05-03 15:17:07 [INFO] chenao: [FILE:../src/wordoffline/DictProducer.cc] [Line:165]
2024-05-03 15:17:07 [INFO] chenao: [FILE:../src/wordoffline/DictProducer.cc] [Line:165]
2024-05-03 15:17:08 [INFO] chenao: [FILE:../src/wordoffline/DictProducer.cc] [Line:165]
2024-05-03 15:17:08 [INFO] chenao: [FILE:../src/wordoffline/DictProducer.cc] [Line:165]
2024-05-03 15:17:10 [INFO] chenao: [FILE:../src/wordoffline/DictProducer.cc] [Line:165]
2024-05-03 15:17:10 [INFO] chenao: [FILE:../src/wordoffline/DictProducer.cc] [Line:165]
2024-05-03 15:17:11 [INFO] chenao: [FILE:../src/wordoffline/DictProducer.cc] [Line:165]
2024-05-03 15:17:11 [INFO] chenao: [FILE:../src/wordoffline/DictProducer.cc] [Line:165]
2024-05-03 15:17:15 [INFO] chenao: [FILE:../src/wordoffline/DictProducer.cc] [Line:165]
2024-05-03 15:17:15 [INFO] chenao: [FILE:../src/wordoffline/DictProducer.cc] [Line:165]
2024-05-03 15:17:16 [INFO] chenao: [FILE:../src/wordoffline/DictProducer.cc] [Line:165]
2024-05-03 15:17:16 [INFO] chenao: [FILE:../src/wordoffline/DictProducer.cc] [Line:165]
2024-05-03 15:17:18 [INFO] chenao: [FILE:../src/wordoffline/DictProducer.cc] [Line:165]
2024-05-03 15:17:18 [INFO] chenao: [FILE:../src/wordoffline/DictProducer.cc] [Line:165]
2024-05-03 15:17:19 [INFO] chenao: [FILE:../src/wordoffline/DictProducer.cc] [Line:165]
2024-05-03 15:17:19 [INFO] chenao: [FILE:../src/wordoffline/DictProducer.cc] [Line:165]
2024-05-03 15:25:33 [INFO] chenao: [FILE:../src/wordoffline/DictProducer.cc] [Line:165]
2024-05-03 15:25:33 [INFO] chenao: [FILE:../src/wordoffline/DictProducer.cc] [Line:165]
2024-05-03 15:25:35 [INFO] chenao: [FILE:../src/wordoffline/DictProducer.cc] [Line:165]
2024-05-03 15:25:35 [INFO] chenao: [FILE:../src/wordoffline/DictProducer.cc] [Line:165]
2024-05-03 15:25:36 [INFO] chenao: [FILE:../src/wordoffline/DictProducer.cc] [Line:165]
2024-05-03 15:25:36 [INFO] chenao: [FILE:../src/wordoffline/DictProducer.cc] [Line:165]
2024-05-03 15:25:38 [INFO] chenao: [FILE:../src/wordoffline/DictProducer.cc] [Line:165]
2024-05-03 15:25:38 [INFO] chenao: [FILE:../src/wordoffline/DictProducer.cc] [Line:165]
2024-05-03 15:25:39 [INFO] chenao: [FILE:../src/wordoffline/DictProducer.cc] [Line:165]
2024-05-03 15:25:39 [INFO] chenao: [FILE:../src/wordoffline/DictProducer.cc] [Line:165]
2024-05-03 15:25:41 [INFO] chenao: [FILE:../src/wordoffline/DictProducer.cc] [Line:165]
2024-05-03 15:25:41 [INFO] chenao: [FILE:../src/wordoffline/DictProducer.cc] [Line:165]
2024-05-03 15:25:42 [INFO] chenao: [FILE:../src/wordoffline/DictProducer.cc] [Line:165]
2024-05-03 15:25:42 [INFO] chenao: [FILE:../src/wordoffline/DictProducer.cc] [Line:165]
2024-05-03 15:25:44 [INFO] chenao: [FILE:../src/wordoffline/DictProducer.cc] [Line:165]
2024-05-03 15:25:44 [INFO] chenao: [FILE:../src/wordoffline/DictProducer.cc] [Line:165]
2024-05-03 15:25:45 [INFO] chenao: [FILE:../src/wordoffline/DictProducer.cc] [Line:165]
2024-05-03 15:25:45 [INFO] chenao: [FILE:../src/wordoffline/DictProducer.cc] [Line:165]
2024-05-03 15:25:47 [INFO] chenao: [FILE:../src/wordoffline/DictProducer.cc] [Line:165]
2024-05-03 15:25:47 [INFO] chenao: [FILE:../src/wordoffline/DictProducer.cc] [Line:165]
2024-05-03 15:25:48 [INFO] chenao: [FILE:../src/wordoffline/DictProducer.cc] [Line:165]
2024-05-03 15:25:48 [INFO] chenao: [FILE:../src/wordoffline/DictProducer.cc] [Line:165]
2024-05-03 15:25:50 [INFO] chenao: [FILE:../src/wordoffline/DictProducer.cc] [Line:165]
2024-05-03 15:25:50 [INFO] chenao: [FILE:../src/wordoffline/DictProducer.cc] [Line:165]
2024-05-03 15:25:51 [INFO] chenao: [FILE:../src/wordoffline/DictProducer.cc] [Line:165]
2024-05-03 15:25:51 [INFO] chenao: [FILE:../src/wordoffline/DictProducer.cc] [Line:165]
2024-05-03 15:25:53 [INFO] chenao: [FILE:../src/wordoffline/DictProducer.cc] [Line:165]
2024-05-03 15:25:53 [INFO] chenao: [FILE:../src/wordoffline/DictProducer.cc] [Line:165]
2024-05-03 15:25:54 [INFO] chenao: [FILE:../src/wordoffline/DictProducer.cc] [Line:165]
2024-05-03 15:25:54 [INFO] chenao: [FILE:../src/wordoffline/DictProducer.cc] [Line:165]
2024-05-03 15:25:56 [INFO] chenao: [FILE:../src/wordoffline/DictProducer.cc] [Line:165]
2024-05-03 15:25:56 [INFO] chenao: [FILE:../src/wordoffline/DictProducer.cc] [Line:165]
2024-05-03 15:25:58 [INFO] chenao: [FILE:../src/wordoffline/DictProducer.cc] [Line:165]
2024-05-03 15:25:58 [INFO] chenao: [FILE:../src/wordoffline/DictProducer.cc] [Line:165]
2024-05-03 15:26:01 [INFO] chenao: [FILE:../src/wordoffline/DictProducer.cc] [Line:165]
2024-05-03 15:26:01 [INFO] chenao: [FILE:../src/wordoffline/DictProducer.cc] [Line:165]
2024-05-03 15:26:02 [INFO] chenao: [FILE:../src/wordoffline/DictProducer.cc] [Line:165]
2024-05-03 15:26:02 [INFO] chenao: [FILE:../src/wordoffline/DictProducer.cc] [Line:165]
2024-05-03 15:26:04 [INFO] chenao: [FILE:../src/wordoffline/DictProducer.cc] [Line:165]
2024-05-03 15:26:04 [INFO] chenao: [FILE:../src/wordoffline/DictProducer.cc] [Line:165]
2024-05-03 15:26:05 [INFO] chenao: [FILE:../src/wordoffline/DictProducer.cc] [Line:165]
2024-05-03 15:26:05 [INFO] chenao: [FILE:../src/wordoffline/DictProducer.cc] [Line:165]
2024-05-03 15:30:28 [INFO] chenao: [FILE:../src/wordoffline/DictProducer.cc] [Line:165]
2024-05-03 15:30:28 [INFO] chenao: [FILE:../src/wordoffline/DictProducer.cc] [Line:165]
2024-05-03 15:30:30 [INFO] chenao: [FILE:../src/wordoffline/DictProducer.cc] [Line:165]
2024-05-03 15:30:30 [INFO] chenao: [FILE:../src/wordoffline/DictProducer.cc] [Line:165]
2024-05-03 15:30:32 [INFO] chenao: [FILE:../src/wordoffline/DictProducer.cc] [Line:165]
2024-05-03 15:30:32 [INFO] chenao: [FILE:../src/wordoffline/DictProducer.cc] [Line:165]
2024-05-03 15:30:33 [INFO] chenao: [FILE:../src/wordoffline/DictProducer.cc] [Line:165]
2024-05-03 15:30:33 [INFO] chenao: [FILE:../src/wordoffline/DictProducer.cc] [Line:165]
2024-05-03 15:30:35 [INFO] chenao: [FILE:../src/wordoffline/DictProducer.cc] [Line:165]
2024-05-03 15:30:35 [INFO] chenao: [FILE:../src/wordoffline/DictProducer.cc] [Line:165]
2024-05-03 15:30:36 [INFO] chenao: [FILE:../src/wordoffline/DictProducer.cc] [Line:165]
2024-05-03 15:30:36 [INFO] chenao: [FILE:../src/wordoffline/DictProducer.cc] [Line:165]
2024-05-03 15:30:38 [INFO] chenao: [FILE:../src/wordoffline/DictProducer.cc] [Line:165]
2024-05-03 15:30:38 [INFO] chenao: [FILE:../src/wordoffline/DictProducer.cc] [Line:165]
2024-05-03 15:30:39 [INFO] chenao: [FILE:../src/wordoffline/DictProducer.cc] [Line:165]
2024-05-03 15:30:39 [INFO] chenao: [FILE:../src/wordoffline/DictProducer.cc] [Line:165]
2024-05-03 15:30:41 [INFO] chenao: [FILE:../src/wordoffline/DictProducer.cc] [Line:165]
2024-05-03 15:30:41 [INFO] chenao: [FILE:../src/wordoffline/DictProducer.cc] [Line:165]
2024-05-03 15:30:42 [INFO] chenao: [FILE:../src/wordoffline/DictProducer.cc] [Line:165]
2024-05-03 15:30:42 [INFO] chenao: [FILE:../src/wordoffline/DictProducer.cc] [Line:165]
2024-05-03 15:30:44 [INFO] chenao: [FILE:../src/wordoffline/DictProducer.cc] [Line:165]
2024-05-03 15:30:44 [INFO] chenao: [FILE:../src/wordoffline/DictProducer.cc] [Line:165]
2024-05-03 15:30:45 [INFO] chenao: [FILE:../src/wordoffline/DictProducer.cc] [Line:165]
2024-05-03 15:30:45 [INFO] chenao: [FILE:../src/wordoffline/DictProducer.cc] [Line:165]
2024-05-03 15:30:47 [INFO] chenao: [FILE:../src/wordoffline/DictProducer.cc] [Line:165]
2024-05-03 15:30:47 [INFO] chenao: [FILE:../src/wordoffline/DictProducer.cc] [Line:165]
2024-05-03 15:30:48 [INFO] chenao: [FILE:../src/wordoffline/DictProducer.cc] [Line:165]
2024-05-03 15:30:48 [INFO] chenao: [FILE:../src/wordoffline/DictProducer.cc] [Line:165]
2024-05-03 15:30:50 [INFO] chenao: [FILE:../src/wordoffline/DictProducer.cc] [Line:165]
2024-05-03 15:30:50 [INFO] chenao: [FILE:../src/wordoffline/DictProducer.cc] [Line:165]
2024-05-03 15:30:51 [INFO] chenao: [FILE:../src/wordoffline/DictProducer.cc] [Line:165]
2024-05-03 15:30:51 [INFO] chenao: [FILE:../src/wordoffline/DictProducer.cc] [Line:165]
2024-05-03 15:30:53 [INFO] chenao: [FILE:../src/wordoffline/DictProducer.cc] [Line:165]
2024-05-03 15:30:53 [INFO] chenao: [FILE:../src/wordoffline/DictProducer.cc] [Line:165]
2024-05-03 15:30:56 [INFO] chenao: [FILE:../src/wordoffline/DictProducer.cc] [Line:165]
2024-05-03 15:30:56 [INFO] chenao: [FILE:../src/wordoffline/DictProducer.cc] [Line:165]
2024-05-03 15:30:57 [INFO] chenao: [FILE:../src/wordoffline/DictProducer.cc] [Line:165]
2024-05-03 15:30:57 [INFO] chenao: [FILE:../src/wordoffline/DictProducer.cc] [Line:165]
2024-05-03 15:30:59 [INFO] chenao: [FILE:../src/wordoffline/DictProducer.cc] [Line:165]
2024-05-03 15:30:59 [INFO] chenao: [FILE:../src/wordoffline/DictProducer.cc] [Line:165]
2024-05-03 15:31:00 [INFO] chenao: [FILE:../src/wordoffline/DictProducer.cc] [Line:165]
2024-05-03 15:31:00 [INFO] chenao: [FILE:../src/wordoffline/DictProducer.cc] [Line:165]
2024-05-03 15:36:20 [INFO] chenao: [FILE:../src/wordoffline/DictProducer.cc] [Line:165]
2024-05-03 15:36:20 [INFO] chenao: [FILE:../src/wordoffline/DictProducer.cc] [Line:165]
2024-05-03 15:36:22 [INFO] chenao: [FILE:../src/wordoffline/DictProducer.cc] [Line:165]
2024-05-03 15:36:22 [INFO] chenao: [FILE:../src/wordoffline/DictProducer.cc] [Line:165]
2024-05-03 15:36:23 [INFO] chenao: [FILE:../src/wordoffline/DictProducer.cc] [Line:165]
2024-05-03 15:36:23 [INFO] chenao: [FILE:../src/wordoffline/DictProducer.cc] [Line:165]
2024-05-03 15:36:25 [INFO] chenao: [FILE:../src/wordoffline/DictProducer.cc] [Line:165]
2024-05-03 15:36:25 [INFO] chenao: [FILE:../src/wordoffline/DictProducer.cc] [Line:165]
2024-05-03 15:36:26 [INFO] chenao: [FILE:../src/wordoffline/DictProducer.cc] [Line:165]
2024-05-03 15:36:26 [INFO] chenao: [FILE:../src/wordoffline/DictProducer.cc] [Line:165]
2024-05-03 15:36:28 [INFO] chenao: [FILE:../src/wordoffline/DictProducer.cc] [Line:165]
2024-05-03 15:36:28 [INFO] chenao: [FILE:../src/wordoffline/DictProducer.cc] [Line:165]
2024-05-03 15:36:29 [INFO] chenao: [FILE:../src/wordoffline/DictProducer.cc] [Line:165]
2024-05-03 15:36:29 [INFO] chenao: [FILE:../src/wordoffline/DictProducer.cc] [Line:165]
2024-05-03 15:36:31 [INFO] chenao: [FILE:../src/wordoffline/DictProducer.cc] [Line:165]
2024-05-03 15:36:31 [INFO] chenao: [FILE:../src/wordoffline/DictProducer.cc] [Line:165]
2024-05-03 15:36:32 [INFO] chenao: [FILE:../src/wordoffline/DictProducer.cc] [Line:165]
2024-05-03 15:36:32 [INFO] chenao: [FILE:../src/wordoffline/DictProducer.cc] [Line:165]
2024-05-03 15:36:34 [INFO] chenao: [FILE:../src/wordoffline/DictProducer.cc] [Line:165]
2024-05-03 15:36:34 [INFO] chenao: [FILE:../src/wordoffline/DictProducer.cc] [Line:165]
2024-05-03 15:36:35 [INFO] chenao: [FILE:../src/wordoffline/DictProducer.cc] [Line:165]
2024-05-03 15:36:35 [INFO] chenao: [FILE:../src/wordoffline/DictProducer.cc] [Line:165]
2024-05-03 15:36:37 [INFO] chenao: [FILE:../src/wordoffline/DictProducer.cc] [Line:165]
2024-05-03 15:36:37 [INFO] chenao: [FILE:../src/wordoffline/DictProducer.cc] [Line:165]
2024-05-03 15:36:38 [INFO] chenao: [FILE:../src/wordoffline/DictProducer.cc] [Line:165]
2024-05-03 15:36:38 [INFO] chenao: [FILE:../src/wordoffline/DictProducer.cc] [Line:165]
2024-05-03 15:36:40 [INFO] chenao: [FILE:../src/wordoffline/DictProducer.cc] [Line:165]
2024-05-03 15:36:40 [INFO] chenao: [FILE:../src/wordoffline/DictProducer.cc] [Line:165]
2024-05-03 15:36:41 [INFO] chenao: [FILE:../src/wordoffline/DictProducer.cc] [Line:165]
2024-05-03 15:36:41 [INFO] chenao: [FILE:../src/wordoffline/DictProducer.cc] [Line:165]
2024-05-03 15:36:43 [INFO] chenao: [FILE:../src/wordoffline/DictProducer.cc] [Line:165]
2024-05-03 15:36:43 [INFO] chenao: [FILE:../src/wordoffline/DictProducer.cc] [Line:165]
2024-05-03 15:36:45 [INFO] chenao: [FILE:../src/wordoffline/DictProducer.cc] [Line:165]
2024-05-03 15:36:45 [INFO] chenao: [FILE:../src/wordoffline/DictProducer.cc] [Line:165]
2024-05-03 15:36:48 [INFO] chenao: [FILE:../src/wordoffline/DictProducer.cc] [Line:165]
2024-05-03 15:36:48 [INFO] chenao: [FILE:../src/wordoffline/DictProducer.cc] [Line:165]
2024-05-03 15:36:49 [INFO] chenao: [FILE:../src/wordoffline/DictProducer.cc] [Line:165]
2024-05-03 15:36:49 [INFO] chenao: [FILE:../src/wordoffline/DictProducer.cc] [Line:165]
2024-05-03 15:36:51 [INFO] chenao: [FILE:../src/wordoffline/DictProducer.cc] [Line:165]
2024-05-03 15:36:51 [INFO] chenao: [FILE:../src/wordoffline/DictProducer.cc] [Line:165]
2024-05-03 15:36:52 [INFO] chenao: [FILE:../src/wordoffline/DictProducer.cc] [Line:165]
2024-05-03 15:36:52 [INFO] chenao: [FILE:../src/wordoffline/DictProducer.cc] [Line:165]
2024-05-03 15:38:21 [INFO] chenao: [FILE:../src/wordoffline/DictProducer.cc] [Line:165]
2024-05-03 15:38:21 [INFO] chenao: [FILE:../src/wordoffline/DictProducer.cc] [Line:165]
2024-05-03 15:38:22 [INFO] chenao: [FILE:../src/wordoffline/DictProducer.cc] [Line:165]
2024-05-03 15:38:22 [INFO] chenao: [FILE:../src/wordoffline/DictProducer.cc] [Line:165]
2024-05-03 15:38:24 [INFO] chenao: [FILE:../src/wordoffline/DictProducer.cc] [Line:165]
2024-05-03 15:38:24 [INFO] chenao: [FILE:../src/wordoffline/DictProducer.cc] [Line:165]
2024-05-03 15:38:25 [INFO] chenao: [FILE:../src/wordoffline/DictProducer.cc] [Line:165]
2024-05-03 15:38:25 [INFO] chenao: [FILE:../src/wordoffline/DictProducer.cc] [Line:165]
2024-05-03 15:38:27 [INFO] chenao: [FILE:../src/wordoffline/DictProducer.cc] [Line:165]
2024-05-03 15:38:27 [INFO] chenao: [FILE:../src/wordoffline/DictProducer.cc] [Line:165]
2024-05-03 15:38:28 [INFO] chenao: [FILE:../src/wordoffline/DictProducer.cc] [Line:165]
2024-05-03 15:38:28 [INFO] chenao: [FILE:../src/wordoffline/DictProducer.cc] [Line:165]
2024-05-03 15:38:30 [INFO] chenao: [FILE:../src/wordoffline/DictProducer.cc] [Line:165]
2024-05-03 15:38:30 [INFO] chenao: [FILE:../src/wordoffline/DictProducer.cc] [Line:165]
2024-05-03 15:38:31 [INFO] chenao: [FILE:../src/wordoffline/DictProducer.cc] [Line:165]
2024-05-03 15:38:31 [INFO] chenao: [FILE:../src/wordoffline/DictProducer.cc] [Line:165]
2024-05-03 15:38:33 [INFO] chenao: [FILE:../src/wordoffline/DictProducer.cc] [Line:165]
2024-05-03 15:38:33 [INFO] chenao: [FILE:../src/wordoffline/DictProducer.cc] [Line:165]
2024-05-03 15:38:34 [INFO] chenao: [FILE:../src/wordoffline/DictProducer.cc] [Line:165]
2024-05-03 15:38:34 [INFO] chenao: [FILE:../src/wordoffline/DictProducer.cc] [Line:165]
2024-05-03 15:38:36 [INFO] chenao: [FILE:../src/wordoffline/DictProducer.cc] [Line:165]
2024-05-03 15:38:36 [INFO] chenao: [FILE:../src/wordoffline/DictProducer.cc] [Line:165]
2024-05-03 15:38:38 [INFO] chenao: [FILE:../src/wordoffline/DictProducer.cc] [Line:165]
2024-05-03 15:38:38 [INFO] chenao: [FILE:../src/wordoffline/DictProducer.cc] [Line:165]
2024-05-03 15:38:39 [INFO] chenao: [FILE:../src/wordoffline/DictProducer.cc] [Line:165]
2024-05-03 15:38:39 [INFO] chenao: [FILE:../src/wordoffline/DictProducer.cc] [Line:165]
2024-05-03 15:38:41 [INFO] chenao: [FILE:../src/wordoffline/DictProducer.cc] [Line:165]
2024-05-03 15:38:41 [INFO] chenao: [FILE:../src/wordoffline/DictProducer.cc] [Line:165]
2024-05-03 15:38:42 [INFO] chenao: [FILE:../src/wordoffline/DictProducer.cc] [Line:165]
2024-05-03 15:38:42 [INFO] chenao: [FILE:../src/wordoffline/DictProducer.cc] [Line:165]
2024-05-03 15:38:44 [INFO] chenao: [FILE:../src/wordoffline/DictProducer.cc] [Line:165]
2024-05-03 15:38:44 [INFO] chenao: [FILE:../src/wordoffline/DictProducer.cc] [Line:165]
2024-05-03 15:38:45 [INFO] chenao: [FILE:../src/wordoffline/DictProducer.cc] [Line:165]
2024-05-03 15:38:45 [INFO] chenao: [FILE:../src/wordoffline/DictProducer.cc] [Line:165]
2024-05-03 15:38:48 [INFO] chenao: [FILE:../src/wordoffline/DictProducer.cc] [Line:165]
2024-05-03 15:38:48 [INFO] chenao: [FILE:../src/wordoffline/DictProducer.cc] [Line:165]
2024-05-03 15:38:50 [INFO] chenao: [FILE:../src/wordoffline/DictProducer.cc] [Line:165]
2024-05-03 15:38:50 [INFO] chenao: [FILE:../src/wordoffline/DictProducer.cc] [Line:165]
2024-05-03 15:38:51 [INFO] chenao: [FILE:../src/wordoffline/DictProducer.cc] [Line:165]
2024-05-03 15:38:51 [INFO] chenao: [FILE:../src/wordoffline/DictProducer.cc] [Line:165]
2024-05-03 15:38:53 [INFO] chenao: [FILE:../src/wordoffline/DictProducer.cc] [Line:165]
2024-05-03 15:38:53 [INFO] chenao: [FILE:../src/wordoffline/DictProducer.cc] [Line:165]
2024-05-03 15:39:44 [INFO] chenao: [FILE:../src/wordonline/Dictionary.cc] [Line:31]
2024-05-03 15:39:44 [INFO] chenao: [FILE:../src/wordonline/Dictionary.cc] [Line:91] init finish
2024-05-03 15:39:44 [INFO] chenao: [FILE:../src/wordonline/Dictionary.cc] [Line:217] getenDict
2024-05-03 15:39:44 [INFO] chenao: [FILE:../src/wordonline/Dictionary.cc] [Line:223] getcnDict
2024-05-03 15:39:44 [INFO] chenao: [FILE:../src/wordonline/Dictionary.cc] [Line:229] getEnIndexTable
2024-05-03 15:39:44 [INFO] chenao: [FILE:../src/wordonline/Dictionary.cc] [Line:235] getCnIndexTable
